[0.747s] Invoking command in '/home/uli/Desktop/tec/6to/ros2_env/src/courseworks': PYTHONPATH=/home/uli/Desktop/tec/6to/ros2_env/build/courseworks/prefix_override:/usr/lib/python3/dist-packages/colcon_core/task/python/colcon_distutils_commands:/home/uli/Desktop/tec/6to/ros2_env/install/courseworks/lib/python3.10/site-packages:${PYTHONPATH} /usr/bin/python3 -W ignore:setup.py install is deprecated -W ignore:easy_install command is deprecated setup.py egg_info --egg-base ../../build/courseworks build --build-base /home/uli/Desktop/tec/6to/ros2_env/build/courseworks/build install --record /home/uli/Desktop/tec/6to/ros2_env/build/courseworks/install.log --single-version-externally-managed install_data
[1.017s] running egg_info
[1.018s] writing ../../build/courseworks/courseworks.egg-info/PKG-INFO
[1.018s] writing dependency_links to ../../build/courseworks/courseworks.egg-info/dependency_links.txt
[1.018s] writing entry points to ../../build/courseworks/courseworks.egg-info/entry_points.txt
[1.018s] writing requirements to ../../build/courseworks/courseworks.egg-info/requires.txt
[1.018s] writing top-level names to ../../build/courseworks/courseworks.egg-info/top_level.txt
[1.020s] reading manifest file '../../build/courseworks/courseworks.egg-info/SOURCES.txt'
[1.021s] writing manifest file '../../build/courseworks/courseworks.egg-info/SOURCES.txt'
[1.021s] running build
[1.021s] running build_py
[1.021s] copying courseworks/subscriber.py -> /home/uli/Desktop/tec/6to/ros2_env/build/courseworks/build/lib/courseworks
[1.021s] copying courseworks/publisher.py -> /home/uli/Desktop/tec/6to/ros2_env/build/courseworks/build/lib/courseworks
[1.021s] running install
[1.021s] running install_lib
[1.022s] copying /home/uli/Desktop/tec/6to/ros2_env/build/courseworks/build/lib/courseworks/subscriber.py -> /home/uli/Desktop/tec/6to/ros2_env/install/courseworks/lib/python3.10/site-packages/courseworks
[1.022s] copying /home/uli/Desktop/tec/6to/ros2_env/build/courseworks/build/lib/courseworks/publisher.py -> /home/uli/Desktop/tec/6to/ros2_env/install/courseworks/lib/python3.10/site-packages/courseworks
[1.023s] byte-compiling /home/uli/Desktop/tec/6to/ros2_env/install/courseworks/lib/python3.10/site-packages/courseworks/subscriber.py to subscriber.cpython-310.pyc
[1.023s] byte-compiling /home/uli/Desktop/tec/6to/ros2_env/install/courseworks/lib/python3.10/site-packages/courseworks/publisher.py to publisher.cpython-310.pyc
[1.024s] running install_data
[1.024s] running install_egg_info
[1.026s] removing '/home/uli/Desktop/tec/6to/ros2_env/install/courseworks/lib/python3.10/site-packages/courseworks-0.0.0-py3.10.egg-info' (and everything under it)
[1.026s] Copying ../../build/courseworks/courseworks.egg-info to /home/uli/Desktop/tec/6to/ros2_env/install/courseworks/lib/python3.10/site-packages/courseworks-0.0.0-py3.10.egg-info
[1.027s] running install_scripts
[1.046s] Installing publisher script to /home/uli/Desktop/tec/6to/ros2_env/install/courseworks/lib/courseworks
[1.046s] Installing subscriber script to /home/uli/Desktop/tec/6to/ros2_env/install/courseworks/lib/courseworks
[1.046s] writing list of installed files to '/home/uli/Desktop/tec/6to/ros2_env/build/courseworks/install.log'
[1.070s] Invoked command in '/home/uli/Desktop/tec/6to/ros2_env/src/courseworks' returned '0': PYTHONPATH=/home/uli/Desktop/tec/6to/ros2_env/build/courseworks/prefix_override:/usr/lib/python3/dist-packages/colcon_core/task/python/colcon_distutils_commands:/home/uli/Desktop/tec/6to/ros2_env/install/courseworks/lib/python3.10/site-packages:${PYTHONPATH} /usr/bin/python3 -W ignore:setup.py install is deprecated -W ignore:easy_install command is deprecated setup.py egg_info --egg-base ../../build/courseworks build --build-base /home/uli/Desktop/tec/6to/ros2_env/build/courseworks/build install --record /home/uli/Desktop/tec/6to/ros2_env/build/courseworks/install.log --single-version-externally-managed install_data
