[0.811s] Invoking command in '/home/uli/Desktop/tec/6to/ros2_env/src/courseworks': PYTHONPATH=/home/uli/Desktop/tec/6to/ros2_env/build/courseworks/prefix_override:/usr/lib/python3/dist-packages/colcon_core/task/python/colcon_distutils_commands:/home/uli/Desktop/tec/6to/ros2_env/install/courseworks/lib/python3.10/site-packages:${PYTHONPATH} /usr/bin/python3 -W ignore:setup.py install is deprecated -W ignore:easy_install command is deprecated setup.py egg_info --egg-base ../../build/courseworks build --build-base /home/uli/Desktop/tec/6to/ros2_env/build/courseworks/build install --record /home/uli/Desktop/tec/6to/ros2_env/build/courseworks/install.log --single-version-externally-managed install_data
[1.091s] running egg_info
[1.091s] writing ../../build/courseworks/courseworks.egg-info/PKG-INFO
[1.092s] writing dependency_links to ../../build/courseworks/courseworks.egg-info/dependency_links.txt
[1.092s] writing entry points to ../../build/courseworks/courseworks.egg-info/entry_points.txt
[1.092s] writing requirements to ../../build/courseworks/courseworks.egg-info/requires.txt
[1.092s] writing top-level names to ../../build/courseworks/courseworks.egg-info/top_level.txt
[1.094s] reading manifest file '../../build/courseworks/courseworks.egg-info/SOURCES.txt'
[1.095s] writing manifest file '../../build/courseworks/courseworks.egg-info/SOURCES.txt'
[1.095s] running build
[1.095s] running build_py
[1.096s] running install
[1.096s] running install_lib
[1.097s] running install_data
[1.097s] running install_egg_info
[1.099s] removing '/home/uli/Desktop/tec/6to/ros2_env/install/courseworks/lib/python3.10/site-packages/courseworks-0.0.0-py3.10.egg-info' (and everything under it)
[1.099s] Copying ../../build/courseworks/courseworks.egg-info to /home/uli/Desktop/tec/6to/ros2_env/install/courseworks/lib/python3.10/site-packages/courseworks-0.0.0-py3.10.egg-info
[1.100s] running install_scripts
[1.118s] Installing process script to /home/uli/Desktop/tec/6to/ros2_env/install/courseworks/lib/courseworks
[1.118s] Installing signal_plotter script to /home/uli/Desktop/tec/6to/ros2_env/install/courseworks/lib/courseworks
[1.118s] Installing sine_signal_publisher script to /home/uli/Desktop/tec/6to/ros2_env/install/courseworks/lib/courseworks
[1.119s] writing list of installed files to '/home/uli/Desktop/tec/6to/ros2_env/build/courseworks/install.log'
[1.144s] Invoked command in '/home/uli/Desktop/tec/6to/ros2_env/src/courseworks' returned '0': PYTHONPATH=/home/uli/Desktop/tec/6to/ros2_env/build/courseworks/prefix_override:/usr/lib/python3/dist-packages/colcon_core/task/python/colcon_distutils_commands:/home/uli/Desktop/tec/6to/ros2_env/install/courseworks/lib/python3.10/site-packages:${PYTHONPATH} /usr/bin/python3 -W ignore:setup.py install is deprecated -W ignore:easy_install command is deprecated setup.py egg_info --egg-base ../../build/courseworks build --build-base /home/uli/Desktop/tec/6to/ros2_env/build/courseworks/build install --record /home/uli/Desktop/tec/6to/ros2_env/build/courseworks/install.log --single-version-externally-managed install_data
