-- The C compiler identification is GNU 11.4.0
-- The CXX compiler identification is GNU 11.4.0
-- Detecting C compiler ABI info
-- Detecting C compiler ABI info - done
-- Check for working C compiler: /usr/bin/cc - skipped
-- Detecting C compile features
-- Detecting C compile features - done
-- Detecting CXX compiler ABI info
-- Detecting CXX compiler ABI info - done
-- Check for working CXX compiler: /usr/bin/c++ - skipped
-- Detecting CXX compile features
-- Detecting CXX compile features - done
-- Found ament_cmake: 1.3.11 (/opt/ros/humble/share/ament_cmake/cmake)
-- Found Python3: /usr/bin/python3 (found version "3.10.12") found components: Interpreter
-- Found ament_lint_auto: 0.12.11 (/opt/ros/humble/share/ament_lint_auto/cmake)
-- Added test 'lint_cmake' to check CMake code style
-- Added test 'xmllint' to check XML markup files
-- Configuring done (0.6s)
-- Generating done (0.0s)
-- Build files have been written to: /home/uli/Desktop/tec/6to/ros2_env/build/hw1
-- Install configuration: ""
-- Installing: /home/uli/Desktop/tec/6to/ros2_env/install/hw1/share/ament_index/resource_index/package_run_dependencies/hw1
-- Installing: /home/uli/Desktop/tec/6to/ros2_env/install/hw1/share/ament_index/resource_index/parent_prefix_path/hw1
-- Installing: /home/uli/Desktop/tec/6to/ros2_env/install/hw1/share/hw1/environment/ament_prefix_path.sh
-- Installing: /home/uli/Desktop/tec/6to/ros2_env/install/hw1/share/hw1/environment/ament_prefix_path.dsv
-- Installing: /home/uli/Desktop/tec/6to/ros2_env/install/hw1/share/hw1/environment/path.sh
-- Installing: /home/uli/Desktop/tec/6to/ros2_env/install/hw1/share/hw1/environment/path.dsv
-- Installing: /home/uli/Desktop/tec/6to/ros2_env/install/hw1/share/hw1/local_setup.bash
-- Installing: /home/uli/Desktop/tec/6to/ros2_env/install/hw1/share/hw1/local_setup.sh
-- Installing: /home/uli/Desktop/tec/6to/ros2_env/install/hw1/share/hw1/local_setup.zsh
-- Installing: /home/uli/Desktop/tec/6to/ros2_env/install/hw1/share/hw1/local_setup.dsv
-- Installing: /home/uli/Desktop/tec/6to/ros2_env/install/hw1/share/hw1/package.dsv
-- Installing: /home/uli/Desktop/tec/6to/ros2_env/install/hw1/share/ament_index/resource_index/packages/hw1
-- Installing: /home/uli/Desktop/tec/6to/ros2_env/install/hw1/share/hw1/cmake/hw1Config.cmake
-- Installing: /home/uli/Desktop/tec/6to/ros2_env/install/hw1/share/hw1/cmake/hw1Config-version.cmake
-- Installing: /home/uli/Desktop/tec/6to/ros2_env/install/hw1/share/hw1/package.xml
