[0.009s] Invoking command in '/home/uli/Desktop/tec/6to/ros2_env/build/hw1': CMAKE_PREFIX_PATH=${CMAKE_PREFIX_PATH}:/opt/ros/humble /home/uli/.local/bin/cmake /home/uli/Desktop/tec/6to/ros2_env/src/hw1 -DCMAKE_INSTALL_PREFIX=/home/uli/Desktop/tec/6to/ros2_env/install/hw1
[0.128s] -- The C compiler identification is GNU 11.4.0
[0.192s] -- The CXX compiler identification is GNU 11.4.0
[0.203s] -- Detecting C compiler ABI info
[0.262s] -- Detecting C compiler ABI info - done
[0.281s] -- Check for working C compiler: /usr/bin/cc - skipped
[0.281s] -- Detecting C compile features
[0.282s] -- Detecting C compile features - done
[0.286s] -- Detecting CXX compiler ABI info
[0.355s] -- Detecting CXX compiler ABI info - done
[0.374s] -- Check for working CXX compiler: /usr/bin/c++ - skipped
[0.374s] -- Detecting CXX compile features
[0.375s] -- Detecting CXX compile features - done
[0.377s] -- Found ament_cmake: 1.3.11 (/opt/ros/humble/share/ament_cmake/cmake)
[0.516s] -- Found Python3: /usr/bin/python3 (found version "3.10.12") found components: Interpreter
[0.602s] -- Found ament_lint_auto: 0.12.11 (/opt/ros/humble/share/ament_lint_auto/cmake)
[0.685s] -- Added test 'lint_cmake' to check CMake code style
[0.686s] -- Added test 'xmllint' to check XML markup files
[0.687s] -- Configuring done (0.6s)
[0.690s] -- Generating done (0.0s)
[0.691s] -- Build files have been written to: /home/uli/Desktop/tec/6to/ros2_env/build/hw1
[0.709s] Invoked command in '/home/uli/Desktop/tec/6to/ros2_env/build/hw1' returned '0': CMAKE_PREFIX_PATH=${CMAKE_PREFIX_PATH}:/opt/ros/humble /home/uli/.local/bin/cmake /home/uli/Desktop/tec/6to/ros2_env/src/hw1 -DCMAKE_INSTALL_PREFIX=/home/uli/Desktop/tec/6to/ros2_env/install/hw1
[0.711s] Invoking command in '/home/uli/Desktop/tec/6to/ros2_env/build/hw1': CMAKE_PREFIX_PATH=${CMAKE_PREFIX_PATH}:/opt/ros/humble /home/uli/.local/bin/cmake --build /home/uli/Desktop/tec/6to/ros2_env/build/hw1 -- -j8 -l8
[0.817s] Invoked command in '/home/uli/Desktop/tec/6to/ros2_env/build/hw1' returned '0': CMAKE_PREFIX_PATH=${CMAKE_PREFIX_PATH}:/opt/ros/humble /home/uli/.local/bin/cmake --build /home/uli/Desktop/tec/6to/ros2_env/build/hw1 -- -j8 -l8
[0.908s] Invoking command in '/home/uli/Desktop/tec/6to/ros2_env/build/hw1': CMAKE_PREFIX_PATH=${CMAKE_PREFIX_PATH}:/opt/ros/humble /home/uli/.local/bin/cmake --install /home/uli/Desktop/tec/6to/ros2_env/build/hw1
[0.977s] -- Install configuration: ""
[0.977s] -- Installing: /home/uli/Desktop/tec/6to/ros2_env/install/hw1/share/ament_index/resource_index/package_run_dependencies/hw1
[0.977s] -- Installing: /home/uli/Desktop/tec/6to/ros2_env/install/hw1/share/ament_index/resource_index/parent_prefix_path/hw1
[0.978s] -- Installing: /home/uli/Desktop/tec/6to/ros2_env/install/hw1/share/hw1/environment/ament_prefix_path.sh
[0.978s] -- Installing: /home/uli/Desktop/tec/6to/ros2_env/install/hw1/share/hw1/environment/ament_prefix_path.dsv
[0.978s] -- Installing: /home/uli/Desktop/tec/6to/ros2_env/install/hw1/share/hw1/environment/path.sh
[0.978s] -- Installing: /home/uli/Desktop/tec/6to/ros2_env/install/hw1/share/hw1/environment/path.dsv
[0.978s] -- Installing: /home/uli/Desktop/tec/6to/ros2_env/install/hw1/share/hw1/local_setup.bash
[0.978s] -- Installing: /home/uli/Desktop/tec/6to/ros2_env/install/hw1/share/hw1/local_setup.sh
[0.978s] -- Installing: /home/uli/Desktop/tec/6to/ros2_env/install/hw1/share/hw1/local_setup.zsh
[0.978s] -- Installing: /home/uli/Desktop/tec/6to/ros2_env/install/hw1/share/hw1/local_setup.dsv
[0.978s] -- Installing: /home/uli/Desktop/tec/6to/ros2_env/install/hw1/share/hw1/package.dsv
[0.978s] -- Installing: /home/uli/Desktop/tec/6to/ros2_env/install/hw1/share/ament_index/resource_index/packages/hw1
[0.979s] -- Installing: /home/uli/Desktop/tec/6to/ros2_env/install/hw1/share/hw1/cmake/hw1Config.cmake
[0.979s] -- Installing: /home/uli/Desktop/tec/6to/ros2_env/install/hw1/share/hw1/cmake/hw1Config-version.cmake
[0.979s] -- Installing: /home/uli/Desktop/tec/6to/ros2_env/install/hw1/share/hw1/package.xml
[0.991s] Invoked command in '/home/uli/Desktop/tec/6to/ros2_env/build/hw1' returned '0': CMAKE_PREFIX_PATH=${CMAKE_PREFIX_PATH}:/opt/ros/humble /home/uli/.local/bin/cmake --install /home/uli/Desktop/tec/6to/ros2_env/build/hw1
