running egg_info
writing ../../build/courseworks/courseworks.egg-info/PKG-INFO
writing dependency_links to ../../build/courseworks/courseworks.egg-info/dependency_links.txt
writing entry points to ../../build/courseworks/courseworks.egg-info/entry_points.txt
writing requirements to ../../build/courseworks/courseworks.egg-info/requires.txt
writing top-level names to ../../build/courseworks/courseworks.egg-info/top_level.txt
reading manifest file '../../build/courseworks/courseworks.egg-info/SOURCES.txt'
writing manifest file '../../build/courseworks/courseworks.egg-info/SOURCES.txt'
running build
running build_py
copying courseworks/subscriber.py -> /home/uli/Desktop/tec/6to/ros2_env/build/courseworks/build/lib/courseworks
running install
running install_lib
copying /home/uli/Desktop/tec/6to/ros2_env/build/courseworks/build/lib/courseworks/subscriber.py -> /home/uli/Desktop/tec/6to/ros2_env/install/courseworks/lib/python3.10/site-packages/courseworks
byte-compiling /home/uli/Desktop/tec/6to/ros2_env/install/courseworks/lib/python3.10/site-packages/courseworks/subscriber.py to subscriber.cpython-310.pyc
running install_data
running install_egg_info
removing '/home/uli/Desktop/tec/6to/ros2_env/install/courseworks/lib/python3.10/site-packages/courseworks-0.0.0-py3.10.egg-info' (and everything under it)
Copying ../../build/courseworks/courseworks.egg-info to /home/uli/Desktop/tec/6to/ros2_env/install/courseworks/lib/python3.10/site-packages/courseworks-0.0.0-py3.10.egg-info
running install_scripts
Installing publisher script to /home/uli/Desktop/tec/6to/ros2_env/install/courseworks/lib/courseworks
Installing subscriber script to /home/uli/Desktop/tec/6to/ros2_env/install/courseworks/lib/courseworks
writing list of installed files to '/home/uli/Desktop/tec/6to/ros2_env/build/courseworks/install.log'
