running egg_info
creating ../../build/hw1/hw1.egg-info
writing ../../build/hw1/hw1.egg-info/PKG-INFO
writing dependency_links to ../../build/hw1/hw1.egg-info/dependency_links.txt
writing entry points to ../../build/hw1/hw1.egg-info/entry_points.txt
writing requirements to ../../build/hw1/hw1.egg-info/requires.txt
writing top-level names to ../../build/hw1/hw1.egg-info/top_level.txt
writing manifest file '../../build/hw1/hw1.egg-info/SOURCES.txt'
reading manifest file '../../build/hw1/hw1.egg-info/SOURCES.txt'
writing manifest file '../../build/hw1/hw1.egg-info/SOURCES.txt'
running build
running build_py
creating /home/uli/Desktop/tec/6to/ros2_env/build/hw1/build
creating /home/uli/Desktop/tec/6to/ros2_env/build/hw1/build/lib
creating /home/uli/Desktop/tec/6to/ros2_env/build/hw1/build/lib/hw1
copying hw1/__init__.py -> /home/uli/Desktop/tec/6to/ros2_env/build/hw1/build/lib/hw1
running install
running install_lib
creating /home/uli/Desktop/tec/6to/ros2_env/install/hw1/lib/python3.10/site-packages/hw1
copying /home/uli/Desktop/tec/6to/ros2_env/build/hw1/build/lib/hw1/__init__.py -> /home/uli/Desktop/tec/6to/ros2_env/install/hw1/lib/python3.10/site-packages/hw1
byte-compiling /home/uli/Desktop/tec/6to/ros2_env/install/hw1/lib/python3.10/site-packages/hw1/__init__.py to __init__.cpython-310.pyc
running install_data
copying resource/hw1 -> /home/uli/Desktop/tec/6to/ros2_env/install/hw1/share/ament_index/resource_index/packages
copying package.xml -> /home/uli/Desktop/tec/6to/ros2_env/install/hw1/share/hw1
running install_egg_info
Copying ../../build/hw1/hw1.egg-info to /home/uli/Desktop/tec/6to/ros2_env/install/hw1/lib/python3.10/site-packages/hw1-0.0.0-py3.10.egg-info
running install_scripts
writing list of installed files to '/home/uli/Desktop/tec/6to/ros2_env/build/hw1/install.log'
