[0.812s] Invoking command in '/home/uli/Desktop/tec/6to/ros2_env/src/courseworks': PYTHONPATH=/home/uli/Desktop/tec/6to/ros2_env/build/courseworks/prefix_override:/usr/lib/python3/dist-packages/colcon_core/task/python/colcon_distutils_commands:/home/uli/Desktop/tec/6to/ros2_env/install/courseworks/lib/python3.10/site-packages:${PYTHONPATH} /usr/bin/python3 -W ignore:setup.py install is deprecated -W ignore:easy_install command is deprecated setup.py egg_info --egg-base ../../build/courseworks build --build-base /home/uli/Desktop/tec/6to/ros2_env/build/courseworks/build install --record /home/uli/Desktop/tec/6to/ros2_env/build/courseworks/install.log --single-version-externally-managed install_data
[1.089s] running egg_info
[1.090s] writing ../../build/courseworks/courseworks.egg-info/PKG-INFO
[1.090s] writing dependency_links to ../../build/courseworks/courseworks.egg-info/dependency_links.txt
[1.090s] writing entry points to ../../build/courseworks/courseworks.egg-info/entry_points.txt
[1.090s] writing requirements to ../../build/courseworks/courseworks.egg-info/requires.txt
[1.090s] writing top-level names to ../../build/courseworks/courseworks.egg-info/top_level.txt
[1.093s] reading manifest file '../../build/courseworks/courseworks.egg-info/SOURCES.txt'
[1.094s] writing manifest file '../../build/courseworks/courseworks.egg-info/SOURCES.txt'
[1.094s] running build
[1.094s] running build_py
[1.094s] copying courseworks/grafica.py -> /home/uli/Desktop/tec/6to/ros2_env/build/courseworks/build/lib/courseworks
[1.094s] running install
[1.094s] running install_lib
[1.095s] copying /home/uli/Desktop/tec/6to/ros2_env/build/courseworks/build/lib/courseworks/grafica.py -> /home/uli/Desktop/tec/6to/ros2_env/install/courseworks/lib/python3.10/site-packages/courseworks
[1.096s] byte-compiling /home/uli/Desktop/tec/6to/ros2_env/install/courseworks/lib/python3.10/site-packages/courseworks/grafica.py to grafica.cpython-310.pyc
[1.096s] running install_data
[1.097s] running install_egg_info
[1.098s] removing '/home/uli/Desktop/tec/6to/ros2_env/install/courseworks/lib/python3.10/site-packages/courseworks-0.0.0-py3.10.egg-info' (and everything under it)
[1.098s] Copying ../../build/courseworks/courseworks.egg-info to /home/uli/Desktop/tec/6to/ros2_env/install/courseworks/lib/python3.10/site-packages/courseworks-0.0.0-py3.10.egg-info
[1.099s] running install_scripts
[1.117s] Installing grafica script to /home/uli/Desktop/tec/6to/ros2_env/install/courseworks/lib/courseworks
[1.117s] Installing publisher script to /home/uli/Desktop/tec/6to/ros2_env/install/courseworks/lib/courseworks
[1.117s] Installing subscriber script to /home/uli/Desktop/tec/6to/ros2_env/install/courseworks/lib/courseworks
[1.117s] writing list of installed files to '/home/uli/Desktop/tec/6to/ros2_env/build/courseworks/install.log'
[1.143s] Invoked command in '/home/uli/Desktop/tec/6to/ros2_env/src/courseworks' returned '0': PYTHONPATH=/home/uli/Desktop/tec/6to/ros2_env/build/courseworks/prefix_override:/usr/lib/python3/dist-packages/colcon_core/task/python/colcon_distutils_commands:/home/uli/Desktop/tec/6to/ros2_env/install/courseworks/lib/python3.10/site-packages:${PYTHONPATH} /usr/bin/python3 -W ignore:setup.py install is deprecated -W ignore:easy_install command is deprecated setup.py egg_info --egg-base ../../build/courseworks build --build-base /home/uli/Desktop/tec/6to/ros2_env/build/courseworks/build install --record /home/uli/Desktop/tec/6to/ros2_env/build/courseworks/install.log --single-version-externally-managed install_data
