[0.769s] Invoking command in '/home/uli/Desktop/tec/6to/ros2_env/src/courseworks': PYTHONPATH=/home/uli/Desktop/tec/6to/ros2_env/build/courseworks/prefix_override:/usr/lib/python3/dist-packages/colcon_core/task/python/colcon_distutils_commands:/home/uli/Desktop/tec/6to/ros2_env/install/courseworks/lib/python3.10/site-packages:${PYTHONPATH} /usr/bin/python3 -W ignore:setup.py install is deprecated -W ignore:easy_install command is deprecated setup.py egg_info --egg-base ../../build/courseworks build --build-base /home/uli/Desktop/tec/6to/ros2_env/build/courseworks/build install --record /home/uli/Desktop/tec/6to/ros2_env/build/courseworks/install.log --single-version-externally-managed install_data
[1.085s] running egg_info
[1.086s] creating ../../build/courseworks/courseworks.egg-info
[1.086s] writing ../../build/courseworks/courseworks.egg-info/PKG-INFO
[1.086s] writing dependency_links to ../../build/courseworks/courseworks.egg-info/dependency_links.txt
[1.086s] writing entry points to ../../build/courseworks/courseworks.egg-info/entry_points.txt
[1.086s] writing requirements to ../../build/courseworks/courseworks.egg-info/requires.txt
[1.087s] writing top-level names to ../../build/courseworks/courseworks.egg-info/top_level.txt
[1.087s] writing manifest file '../../build/courseworks/courseworks.egg-info/SOURCES.txt'
[1.088s] reading manifest file '../../build/courseworks/courseworks.egg-info/SOURCES.txt'
[1.089s] writing manifest file '../../build/courseworks/courseworks.egg-info/SOURCES.txt'
[1.089s] running build
[1.089s] running build_py
[1.089s] creating /home/uli/Desktop/tec/6to/ros2_env/build/courseworks/build
[1.089s] creating /home/uli/Desktop/tec/6to/ros2_env/build/courseworks/build/lib
[1.089s] creating /home/uli/Desktop/tec/6to/ros2_env/build/courseworks/build/lib/courseworks
[1.090s] copying courseworks/subscriber.py -> /home/uli/Desktop/tec/6to/ros2_env/build/courseworks/build/lib/courseworks
[1.090s] copying courseworks/__init__.py -> /home/uli/Desktop/tec/6to/ros2_env/build/courseworks/build/lib/courseworks
[1.090s] copying courseworks/publisher.py -> /home/uli/Desktop/tec/6to/ros2_env/build/courseworks/build/lib/courseworks
[1.090s] running install
[1.090s] running install_lib
[1.090s] creating /home/uli/Desktop/tec/6to/ros2_env/install/courseworks/lib/python3.10/site-packages/courseworks
[1.090s] copying /home/uli/Desktop/tec/6to/ros2_env/build/courseworks/build/lib/courseworks/subscriber.py -> /home/uli/Desktop/tec/6to/ros2_env/install/courseworks/lib/python3.10/site-packages/courseworks
[1.090s] copying /home/uli/Desktop/tec/6to/ros2_env/build/courseworks/build/lib/courseworks/__init__.py -> /home/uli/Desktop/tec/6to/ros2_env/install/courseworks/lib/python3.10/site-packages/courseworks
[1.091s] copying /home/uli/Desktop/tec/6to/ros2_env/build/courseworks/build/lib/courseworks/publisher.py -> /home/uli/Desktop/tec/6to/ros2_env/install/courseworks/lib/python3.10/site-packages/courseworks
[1.091s] byte-compiling /home/uli/Desktop/tec/6to/ros2_env/install/courseworks/lib/python3.10/site-packages/courseworks/subscriber.py to subscriber.cpython-310.pyc
[1.092s] byte-compiling /home/uli/Desktop/tec/6to/ros2_env/install/courseworks/lib/python3.10/site-packages/courseworks/__init__.py to __init__.cpython-310.pyc
[1.092s] byte-compiling /home/uli/Desktop/tec/6to/ros2_env/install/courseworks/lib/python3.10/site-packages/courseworks/publisher.py to publisher.cpython-310.pyc
[1.092s] running install_data
[1.092s] creating /home/uli/Desktop/tec/6to/ros2_env/install/courseworks/share/ament_index
[1.092s] creating /home/uli/Desktop/tec/6to/ros2_env/install/courseworks/share/ament_index/resource_index
[1.092s] creating /home/uli/Desktop/tec/6to/ros2_env/install/courseworks/share/ament_index/resource_index/packages
[1.092s] copying resource/courseworks -> /home/uli/Desktop/tec/6to/ros2_env/install/courseworks/share/ament_index/resource_index/packages
[1.092s] copying package.xml -> /home/uli/Desktop/tec/6to/ros2_env/install/courseworks/share/courseworks
[1.092s] running install_egg_info
[1.095s] Copying ../../build/courseworks/courseworks.egg-info to /home/uli/Desktop/tec/6to/ros2_env/install/courseworks/lib/python3.10/site-packages/courseworks-0.0.0-py3.10.egg-info
[1.095s] running install_scripts
[1.114s] Installing publisher script to /home/uli/Desktop/tec/6to/ros2_env/install/courseworks/lib/courseworks
[1.114s] Installing subscriber script to /home/uli/Desktop/tec/6to/ros2_env/install/courseworks/lib/courseworks
[1.114s] writing list of installed files to '/home/uli/Desktop/tec/6to/ros2_env/build/courseworks/install.log'
[1.139s] Invoked command in '/home/uli/Desktop/tec/6to/ros2_env/src/courseworks' returned '0': PYTHONPATH=/home/uli/Desktop/tec/6to/ros2_env/build/courseworks/prefix_override:/usr/lib/python3/dist-packages/colcon_core/task/python/colcon_distutils_commands:/home/uli/Desktop/tec/6to/ros2_env/install/courseworks/lib/python3.10/site-packages:${PYTHONPATH} /usr/bin/python3 -W ignore:setup.py install is deprecated -W ignore:easy_install command is deprecated setup.py egg_info --egg-base ../../build/courseworks build --build-base /home/uli/Desktop/tec/6to/ros2_env/build/courseworks/build install --record /home/uli/Desktop/tec/6to/ros2_env/build/courseworks/install.log --single-version-externally-managed install_data
