[0.785s] Invoking command in '/home/uli/Desktop/tec/6to/ros2_env/src/hw1': PYTHONPATH=/home/uli/Desktop/tec/6to/ros2_env/build/hw1/prefix_override:/usr/lib/python3/dist-packages/colcon_core/task/python/colcon_distutils_commands:/home/uli/Desktop/tec/6to/ros2_env/install/hw1/lib/python3.10/site-packages:${PYTHONPATH} /usr/bin/python3 -W ignore:setup.py install is deprecated -W ignore:easy_install command is deprecated setup.py egg_info --egg-base ../../build/hw1 build --build-base /home/uli/Desktop/tec/6to/ros2_env/build/hw1/build install --record /home/uli/Desktop/tec/6to/ros2_env/build/hw1/install.log --single-version-externally-managed install_data
[1.062s] running egg_info
[1.064s] writing ../../build/hw1/hw1.egg-info/PKG-INFO
[1.064s] writing dependency_links to ../../build/hw1/hw1.egg-info/dependency_links.txt
[1.064s] writing entry points to ../../build/hw1/hw1.egg-info/entry_points.txt
[1.064s] writing requirements to ../../build/hw1/hw1.egg-info/requires.txt
[1.064s] writing top-level names to ../../build/hw1/hw1.egg-info/top_level.txt
[1.066s] reading manifest file '../../build/hw1/hw1.egg-info/SOURCES.txt'
[1.070s] writing manifest file '../../build/hw1/hw1.egg-info/SOURCES.txt'
[1.070s] running build
[1.070s] running build_py
[1.070s] copying hw1/publisher.py -> /home/uli/Desktop/tec/6to/ros2_env/build/hw1/build/lib/hw1
[1.070s] running install
[1.071s] running install_lib
[1.071s] copying /home/uli/Desktop/tec/6to/ros2_env/build/hw1/build/lib/hw1/publisher.py -> /home/uli/Desktop/tec/6to/ros2_env/install/hw1/lib/python3.10/site-packages/hw1
[1.072s] byte-compiling /home/uli/Desktop/tec/6to/ros2_env/install/hw1/lib/python3.10/site-packages/hw1/publisher.py to publisher.cpython-310.pyc
[1.072s] running install_data
[1.072s] running install_egg_info
[1.074s] removing '/home/uli/Desktop/tec/6to/ros2_env/install/hw1/lib/python3.10/site-packages/hw1-0.0.0-py3.10.egg-info' (and everything under it)
[1.074s] Copying ../../build/hw1/hw1.egg-info to /home/uli/Desktop/tec/6to/ros2_env/install/hw1/lib/python3.10/site-packages/hw1-0.0.0-py3.10.egg-info
[1.075s] running install_scripts
[1.093s] Installing publisher script to /home/uli/Desktop/tec/6to/ros2_env/install/hw1/lib/hw1
[1.093s] Installing subscriber script to /home/uli/Desktop/tec/6to/ros2_env/install/hw1/lib/hw1
[1.093s] writing list of installed files to '/home/uli/Desktop/tec/6to/ros2_env/build/hw1/install.log'
[1.120s] Invoked command in '/home/uli/Desktop/tec/6to/ros2_env/src/hw1' returned '0': PYTHONPATH=/home/uli/Desktop/tec/6to/ros2_env/build/hw1/prefix_override:/usr/lib/python3/dist-packages/colcon_core/task/python/colcon_distutils_commands:/home/uli/Desktop/tec/6to/ros2_env/install/hw1/lib/python3.10/site-packages:${PYTHONPATH} /usr/bin/python3 -W ignore:setup.py install is deprecated -W ignore:easy_install command is deprecated setup.py egg_info --egg-base ../../build/hw1 build --build-base /home/uli/Desktop/tec/6to/ros2_env/build/hw1/build install --record /home/uli/Desktop/tec/6to/ros2_env/build/hw1/install.log --single-version-externally-managed install_data
