running egg_info
creating ../../build/courseworks/courseworks.egg-info
writing ../../build/courseworks/courseworks.egg-info/PKG-INFO
writing dependency_links to ../../build/courseworks/courseworks.egg-info/dependency_links.txt
writing entry points to ../../build/courseworks/courseworks.egg-info/entry_points.txt
writing requirements to ../../build/courseworks/courseworks.egg-info/requires.txt
writing top-level names to ../../build/courseworks/courseworks.egg-info/top_level.txt
writing manifest file '../../build/courseworks/courseworks.egg-info/SOURCES.txt'
reading manifest file '../../build/courseworks/courseworks.egg-info/SOURCES.txt'
writing manifest file '../../build/courseworks/courseworks.egg-info/SOURCES.txt'
running build
running build_py
creating /home/uli/Desktop/tec/6to/ros2_env/build/courseworks/build
creating /home/uli/Desktop/tec/6to/ros2_env/build/courseworks/build/lib
creating /home/uli/Desktop/tec/6to/ros2_env/build/courseworks/build/lib/hw1
copying hw1/subscriber.py -> /home/uli/Desktop/tec/6to/ros2_env/build/courseworks/build/lib/hw1
copying hw1/__init__.py -> /home/uli/Desktop/tec/6to/ros2_env/build/courseworks/build/lib/hw1
copying hw1/publisher.py -> /home/uli/Desktop/tec/6to/ros2_env/build/courseworks/build/lib/hw1
running install
running install_lib
creating /home/uli/Desktop/tec/6to/ros2_env/install/courseworks/lib/python3.10/site-packages/hw1
copying /home/uli/Desktop/tec/6to/ros2_env/build/courseworks/build/lib/hw1/subscriber.py -> /home/uli/Desktop/tec/6to/ros2_env/install/courseworks/lib/python3.10/site-packages/hw1
copying /home/uli/Desktop/tec/6to/ros2_env/build/courseworks/build/lib/hw1/__init__.py -> /home/uli/Desktop/tec/6to/ros2_env/install/courseworks/lib/python3.10/site-packages/hw1
copying /home/uli/Desktop/tec/6to/ros2_env/build/courseworks/build/lib/hw1/publisher.py -> /home/uli/Desktop/tec/6to/ros2_env/install/courseworks/lib/python3.10/site-packages/hw1
byte-compiling /home/uli/Desktop/tec/6to/ros2_env/install/courseworks/lib/python3.10/site-packages/hw1/subscriber.py to subscriber.cpython-310.pyc
byte-compiling /home/uli/Desktop/tec/6to/ros2_env/install/courseworks/lib/python3.10/site-packages/hw1/__init__.py to __init__.cpython-310.pyc
byte-compiling /home/uli/Desktop/tec/6to/ros2_env/install/courseworks/lib/python3.10/site-packages/hw1/publisher.py to publisher.cpython-310.pyc
running install_data
creating /home/uli/Desktop/tec/6to/ros2_env/install/courseworks/share/ament_index
creating /home/uli/Desktop/tec/6to/ros2_env/install/courseworks/share/ament_index/resource_index
creating /home/uli/Desktop/tec/6to/ros2_env/install/courseworks/share/ament_index/resource_index/packages
error: can't copy 'resource/courseworks': doesn't exist or not a regular file
