[0.768s] Invoking command in '/home/uli/Desktop/tec/6to/ros2_env/src/courseworks': PYTHONPATH=/home/uli/Desktop/tec/6to/ros2_env/build/courseworks/prefix_override:/usr/lib/python3/dist-packages/colcon_core/task/python/colcon_distutils_commands:/home/uli/Desktop/tec/6to/ros2_env/install/courseworks/lib/python3.10/site-packages:${PYTHONPATH} /usr/bin/python3 -W ignore:setup.py install is deprecated -W ignore:easy_install command is deprecated setup.py egg_info --egg-base ../../build/courseworks build --build-base /home/uli/Desktop/tec/6to/ros2_env/build/courseworks/build install --record /home/uli/Desktop/tec/6to/ros2_env/build/courseworks/install.log --single-version-externally-managed install_data
[1.052s] running egg_info
[1.052s] writing ../../build/courseworks/courseworks.egg-info/PKG-INFO
[1.052s] writing dependency_links to ../../build/courseworks/courseworks.egg-info/dependency_links.txt
[1.053s] writing entry points to ../../build/courseworks/courseworks.egg-info/entry_points.txt
[1.053s] writing requirements to ../../build/courseworks/courseworks.egg-info/requires.txt
[1.053s] writing top-level names to ../../build/courseworks/courseworks.egg-info/top_level.txt
[1.055s] reading manifest file '../../build/courseworks/courseworks.egg-info/SOURCES.txt'
[1.058s] writing manifest file '../../build/courseworks/courseworks.egg-info/SOURCES.txt'
[1.058s] running build
[1.058s] running build_py
[1.058s] running install
[1.059s] running install_lib
[1.060s] running install_data
[1.060s] copying resource/courseworks -> /home/uli/Desktop/tec/6to/ros2_env/install/courseworks/share/ament_index/resource_index/packages
[1.060s] copying package.xml -> /home/uli/Desktop/tec/6to/ros2_env/install/courseworks/share/courseworks
[1.060s] running install_egg_info
[1.062s] Copying ../../build/courseworks/courseworks.egg-info to /home/uli/Desktop/tec/6to/ros2_env/install/courseworks/lib/python3.10/site-packages/courseworks-0.0.0-py3.10.egg-info
[1.062s] running install_scripts
[1.080s] Installing publisher script to /home/uli/Desktop/tec/6to/ros2_env/install/courseworks/lib/hw1
[1.080s] Installing subscriber script to /home/uli/Desktop/tec/6to/ros2_env/install/courseworks/lib/hw1
[1.080s] writing list of installed files to '/home/uli/Desktop/tec/6to/ros2_env/build/courseworks/install.log'
[1.105s] Invoked command in '/home/uli/Desktop/tec/6to/ros2_env/src/courseworks' returned '0': PYTHONPATH=/home/uli/Desktop/tec/6to/ros2_env/build/courseworks/prefix_override:/usr/lib/python3/dist-packages/colcon_core/task/python/colcon_distutils_commands:/home/uli/Desktop/tec/6to/ros2_env/install/courseworks/lib/python3.10/site-packages:${PYTHONPATH} /usr/bin/python3 -W ignore:setup.py install is deprecated -W ignore:easy_install command is deprecated setup.py egg_info --egg-base ../../build/courseworks build --build-base /home/uli/Desktop/tec/6to/ros2_env/build/courseworks/build install --record /home/uli/Desktop/tec/6to/ros2_env/build/courseworks/install.log --single-version-externally-managed install_data
