[0.142s] DEBUG:colcon:Command line arguments: ['/usr/bin/colcon', 'build']
[0.142s] DEBUG:colcon:Parsed command line arguments: Namespace(log_base=None, log_level=None, verb_name='build', build_base='build', install_base='install', merge_install=False, symlink_install=False, test_result_base=None, continue_on_error=False, executor='parallel', parallel_workers=8, event_handlers=None, ignore_user_meta=False, metas=['./colcon.meta'], base_paths=['.'], packages_ignore=None, packages_ignore_regex=None, paths=None, packages_up_to=None, packages_up_to_regex=None, packages_above=None, packages_above_and_dependencies=None, packages_above_depth=None, packages_select_by_dep=None, packages_skip_by_dep=None, packages_skip_up_to=None, packages_select_build_failed=False, packages_skip_build_finished=False, packages_select_test_failures=False, packages_skip_test_passed=False, packages_select=None, packages_skip=None, packages_select_regex=None, packages_skip_regex=None, packages_start=None, packages_end=None, allow_overriding=[], cmake_args=None, cmake_target=None, cmake_target_skip_unavailable=False, cmake_clean_cache=False, cmake_clean_first=False, cmake_force_configure=False, ament_cmake_args=None, catkin_cmake_args=None, catkin_skip_building_tests=False, mixin_files=None, mixin=None, verb_parser=<colcon_mixin.mixin.mixin_argument.MixinArgumentDecorator object at 0x78f2bc6a4c10>, verb_extension=<colcon_core.verb.build.BuildVerb object at 0x78f2bc7b9ab0>, main=<bound method BuildVerb.main of <colcon_core.verb.build.BuildVerb object at 0x78f2bc7b9ab0>>, mixin_verb=('build',))
[0.428s] Level 1:colcon.colcon_core.package_discovery:discover_packages(colcon_meta) check parameters
[0.428s] Level 1:colcon.colcon_core.package_discovery:discover_packages(recursive) check parameters
[0.428s] Level 1:colcon.colcon_core.package_discovery:discover_packages(ignore) check parameters
[0.428s] Level 1:colcon.colcon_core.package_discovery:discover_packages(path) check parameters
[0.428s] Level 1:colcon.colcon_core.package_discovery:discover_packages(colcon_meta) discover
[0.428s] Level 1:colcon.colcon_core.package_discovery:discover_packages(recursive) discover
[0.428s] INFO:colcon.colcon_core.package_discovery:Crawling recursively for packages in '/home/uli/Desktop/tec/6to/ros2_env'
[0.428s] Level 1:colcon.colcon_core.package_identification:_identify(.) by extensions ['ignore', 'ignore_ament_install']
[0.428s] Level 1:colcon.colcon_core.package_identification:_identify(.) by extension 'ignore'
[0.428s] Level 1:colcon.colcon_core.package_identification:_identify(.) by extension 'ignore_ament_install'
[0.429s] Level 1:colcon.colcon_core.package_identification:_identify(.) by extensions ['colcon_pkg']
[0.429s] Level 1:colcon.colcon_core.package_identification:_identify(.) by extension 'colcon_pkg'
[0.429s] Level 1:colcon.colcon_core.package_identification:_identify(.) by extensions ['colcon_meta']
[0.429s] Level 1:colcon.colcon_core.package_identification:_identify(.) by extension 'colcon_meta'
[0.429s] Level 1:colcon.colcon_core.package_identification:_identify(.) by extensions ['ros']
[0.429s] Level 1:colcon.colcon_core.package_identification:_identify(.) by extension 'ros'
[0.443s] Level 1:colcon.colcon_core.package_identification:_identify(.) by extensions ['cmake', 'python']
[0.443s] Level 1:colcon.colcon_core.package_identification:_identify(.) by extension 'cmake'
[0.443s] Level 1:colcon.colcon_core.package_identification:_identify(.) by extension 'python'
[0.443s] Level 1:colcon.colcon_core.package_identification:_identify(.) by extensions ['python_setup_py']
[0.443s] Level 1:colcon.colcon_core.package_identification:_identify(.) by extension 'python_setup_py'
[0.443s] Level 1:colcon.colcon_core.package_identification:_identify(build) by extensions ['ignore', 'ignore_ament_install']
[0.443s] Level 1:colcon.colcon_core.package_identification:_identify(build) by extension 'ignore'
[0.443s] Level 1:colcon.colcon_core.package_identification:_identify(build) ignored
[0.444s] Level 1:colcon.colcon_core.package_identification:_identify(install) by extensions ['ignore', 'ignore_ament_install']
[0.444s] Level 1:colcon.colcon_core.package_identification:_identify(install) by extension 'ignore'
[0.444s] Level 1:colcon.colcon_core.package_identification:_identify(install) ignored
[0.444s] Level 1:colcon.colcon_core.package_identification:_identify(log) by extensions ['ignore', 'ignore_ament_install']
[0.444s] Level 1:colcon.colcon_core.package_identification:_identify(log) by extension 'ignore'
[0.444s] Level 1:colcon.colcon_core.package_identification:_identify(log) ignored
[0.444s] Level 1:colcon.colcon_core.package_identification:_identify(src) by extensions ['ignore', 'ignore_ament_install']
[0.444s] Level 1:colcon.colcon_core.package_identification:_identify(src) by extension 'ignore'
[0.444s] Level 1:colcon.colcon_core.package_identification:_identify(src) by extension 'ignore_ament_install'
[0.444s] Level 1:colcon.colcon_core.package_identification:_identify(src) by extensions ['colcon_pkg']
[0.444s] Level 1:colcon.colcon_core.package_identification:_identify(src) by extension 'colcon_pkg'
[0.444s] Level 1:colcon.colcon_core.package_identification:_identify(src) by extensions ['colcon_meta']
[0.444s] Level 1:colcon.colcon_core.package_identification:_identify(src) by extension 'colcon_meta'
[0.444s] Level 1:colcon.colcon_core.package_identification:_identify(src) by extensions ['ros']
[0.444s] Level 1:colcon.colcon_core.package_identification:_identify(src) by extension 'ros'
[0.444s] Level 1:colcon.colcon_core.package_identification:_identify(src) by extensions ['cmake', 'python']
[0.445s] Level 1:colcon.colcon_core.package_identification:_identify(src) by extension 'cmake'
[0.445s] Level 1:colcon.colcon_core.package_identification:_identify(src) by extension 'python'
[0.445s] Level 1:colcon.colcon_core.package_identification:_identify(src) by extensions ['python_setup_py']
[0.445s] Level 1:colcon.colcon_core.package_identification:_identify(src) by extension 'python_setup_py'
[0.445s] Level 1:colcon.colcon_core.package_identification:_identify(src/hw1) by extensions ['ignore', 'ignore_ament_install']
[0.445s] Level 1:colcon.colcon_core.package_identification:_identify(src/hw1) by extension 'ignore'
[0.445s] Level 1:colcon.colcon_core.package_identification:_identify(src/hw1) by extension 'ignore_ament_install'
[0.445s] Level 1:colcon.colcon_core.package_identification:_identify(src/hw1) by extensions ['colcon_pkg']
[0.445s] Level 1:colcon.colcon_core.package_identification:_identify(src/hw1) by extension 'colcon_pkg'
[0.445s] Level 1:colcon.colcon_core.package_identification:_identify(src/hw1) by extensions ['colcon_meta']
[0.445s] Level 1:colcon.colcon_core.package_identification:_identify(src/hw1) by extension 'colcon_meta'
[0.445s] Level 1:colcon.colcon_core.package_identification:_identify(src/hw1) by extensions ['ros']
[0.445s] Level 1:colcon.colcon_core.package_identification:_identify(src/hw1) by extension 'ros'
[0.448s] DEBUG:colcon.colcon_core.package_identification:Package 'src/hw1' with type 'ros.ament_python' and name 'hw1'
[0.448s] Level 1:colcon.colcon_core.package_discovery:discover_packages(recursive) using defaults
[0.449s] Level 1:colcon.colcon_core.package_discovery:discover_packages(ignore) discover
[0.449s] Level 1:colcon.colcon_core.package_discovery:discover_packages(ignore) using defaults
[0.449s] Level 1:colcon.colcon_core.package_discovery:discover_packages(path) discover
[0.449s] Level 1:colcon.colcon_core.package_discovery:discover_packages(path) using defaults
[0.474s] Level 1:colcon.colcon_core.package_discovery:discover_packages(prefix_path) check parameters
[0.474s] Level 1:colcon.colcon_core.package_discovery:discover_packages(prefix_path) discover
[0.476s] DEBUG:colcon.colcon_installed_package_information.package_discovery:Found 3 installed packages in /home/uli/Desktop/tec/6to/ros2_env/install
[0.478s] DEBUG:colcon.colcon_installed_package_information.package_discovery:Found 470 installed packages in /opt/ros/humble
[0.480s] Level 1:colcon.colcon_core.package_discovery:discover_packages(prefix_path) using defaults
[0.543s] Level 5:colcon.colcon_core.verb:set package 'hw1' build argument 'cmake_args' from command line to 'None'
[0.543s] Level 5:colcon.colcon_core.verb:set package 'hw1' build argument 'cmake_target' from command line to 'None'
[0.543s] Level 5:colcon.colcon_core.verb:set package 'hw1' build argument 'cmake_target_skip_unavailable' from command line to 'False'
[0.543s] Level 5:colcon.colcon_core.verb:set package 'hw1' build argument 'cmake_clean_cache' from command line to 'False'
[0.543s] Level 5:colcon.colcon_core.verb:set package 'hw1' build argument 'cmake_clean_first' from command line to 'False'
[0.543s] Level 5:colcon.colcon_core.verb:set package 'hw1' build argument 'cmake_force_configure' from command line to 'False'
[0.543s] Level 5:colcon.colcon_core.verb:set package 'hw1' build argument 'ament_cmake_args' from command line to 'None'
[0.543s] Level 5:colcon.colcon_core.verb:set package 'hw1' build argument 'catkin_cmake_args' from command line to 'None'
[0.543s] Level 5:colcon.colcon_core.verb:set package 'hw1' build argument 'catkin_skip_building_tests' from command line to 'False'
[0.543s] DEBUG:colcon.colcon_core.verb:Building package 'hw1' with the following arguments: {'ament_cmake_args': None, 'build_base': '/home/uli/Desktop/tec/6to/ros2_env/build/hw1', 'catkin_cmake_args': None, 'catkin_skip_building_tests': False, 'cmake_args': None, 'cmake_clean_cache': False, 'cmake_clean_first': False, 'cmake_force_configure': False, 'cmake_target': None, 'cmake_target_skip_unavailable': False, 'install_base': '/home/uli/Desktop/tec/6to/ros2_env/install/hw1', 'merge_install': False, 'path': '/home/uli/Desktop/tec/6to/ros2_env/src/hw1', 'symlink_install': False, 'test_result_base': None}
[0.543s] INFO:colcon.colcon_core.executor:Executing jobs using 'parallel' executor
[0.544s] DEBUG:colcon.colcon_parallel_executor.executor.parallel:run_until_complete
[0.545s] INFO:colcon.colcon_ros.task.ament_python.build:Building ROS package in '/home/uli/Desktop/tec/6to/ros2_env/src/hw1' with build type 'ament_python'
[0.545s] Level 1:colcon.colcon_core.shell:create_environment_hook('hw1', 'ament_prefix_path')
[0.547s] INFO:colcon.colcon_core.plugin_system:Skipping extension 'colcon_core.shell.bat': Not used on non-Windows systems
[0.547s] INFO:colcon.colcon_core.shell:Creating environment hook '/home/uli/Desktop/tec/6to/ros2_env/install/hw1/share/hw1/hook/ament_prefix_path.ps1'
[0.548s] INFO:colcon.colcon_core.shell:Creating environment descriptor '/home/uli/Desktop/tec/6to/ros2_env/install/hw1/share/hw1/hook/ament_prefix_path.dsv'
[0.549s] INFO:colcon.colcon_core.shell:Creating environment hook '/home/uli/Desktop/tec/6to/ros2_env/install/hw1/share/hw1/hook/ament_prefix_path.sh'
[0.549s] INFO:colcon.colcon_core.shell:Skip shell extension 'powershell' for command environment: Not usable outside of PowerShell
[0.550s] DEBUG:colcon.colcon_core.shell:Skip shell extension 'dsv' for command environment
[0.940s] INFO:colcon.colcon_core.task.python.build:Building Python package in '/home/uli/Desktop/tec/6to/ros2_env/src/hw1'
[0.941s] INFO:colcon.colcon_core.shell:Skip shell extension 'powershell' for command environment: Not usable outside of PowerShell
[0.941s] DEBUG:colcon.colcon_core.shell:Skip shell extension 'dsv' for command environment
[1.657s] DEBUG:colcon.colcon_core.event_handler.log_command:Invoking command in '/home/uli/Desktop/tec/6to/ros2_env/src/hw1': PYTHONPATH=/home/uli/Desktop/tec/6to/ros2_env/build/hw1/prefix_override:/usr/lib/python3/dist-packages/colcon_core/task/python/colcon_distutils_commands:/home/uli/Desktop/tec/6to/ros2_env/install/hw1/lib/python3.10/site-packages:${PYTHONPATH} /usr/bin/python3 -W ignore:setup.py install is deprecated -W ignore:easy_install command is deprecated setup.py egg_info --egg-base ../../build/hw1 build --build-base /home/uli/Desktop/tec/6to/ros2_env/build/hw1/build install --record /home/uli/Desktop/tec/6to/ros2_env/build/hw1/install.log --single-version-externally-managed install_data
[2.168s] DEBUG:colcon.colcon_core.event_handler.log_command:Invoked command in '/home/uli/Desktop/tec/6to/ros2_env/src/hw1' returned '0': PYTHONPATH=/home/uli/Desktop/tec/6to/ros2_env/build/hw1/prefix_override:/usr/lib/python3/dist-packages/colcon_core/task/python/colcon_distutils_commands:/home/uli/Desktop/tec/6to/ros2_env/install/hw1/lib/python3.10/site-packages:${PYTHONPATH} /usr/bin/python3 -W ignore:setup.py install is deprecated -W ignore:easy_install command is deprecated setup.py egg_info --egg-base ../../build/hw1 build --build-base /home/uli/Desktop/tec/6to/ros2_env/build/hw1/build install --record /home/uli/Desktop/tec/6to/ros2_env/build/hw1/install.log --single-version-externally-managed install_data
[2.171s] Level 1:colcon.colcon_core.environment:checking '/home/uli/Desktop/tec/6to/ros2_env/install/hw1' for CMake module files
[2.172s] Level 1:colcon.colcon_core.environment:checking '/home/uli/Desktop/tec/6to/ros2_env/install/hw1' for CMake config files
[2.172s] Level 1:colcon.colcon_core.shell:create_environment_hook('hw1', 'cmake_prefix_path')
[2.172s] INFO:colcon.colcon_core.shell:Creating environment hook '/home/uli/Desktop/tec/6to/ros2_env/install/hw1/share/hw1/hook/cmake_prefix_path.ps1'
[2.173s] INFO:colcon.colcon_core.shell:Creating environment descriptor '/home/uli/Desktop/tec/6to/ros2_env/install/hw1/share/hw1/hook/cmake_prefix_path.dsv'
[2.173s] INFO:colcon.colcon_core.shell:Creating environment hook '/home/uli/Desktop/tec/6to/ros2_env/install/hw1/share/hw1/hook/cmake_prefix_path.sh'
[2.174s] Level 1:colcon.colcon_core.environment:checking '/home/uli/Desktop/tec/6to/ros2_env/install/hw1/lib'
[2.174s] Level 1:colcon.colcon_core.environment:checking '/home/uli/Desktop/tec/6to/ros2_env/install/hw1/bin'
[2.175s] Level 1:colcon.colcon_core.environment:checking '/home/uli/Desktop/tec/6to/ros2_env/install/hw1/lib/pkgconfig/hw1.pc'
[2.175s] Level 1:colcon.colcon_core.environment:checking '/home/uli/Desktop/tec/6to/ros2_env/install/hw1/lib/python3.10/site-packages'
[2.175s] Level 1:colcon.colcon_core.shell:create_environment_hook('hw1', 'pythonpath')
[2.175s] INFO:colcon.colcon_core.shell:Creating environment hook '/home/uli/Desktop/tec/6to/ros2_env/install/hw1/share/hw1/hook/pythonpath.ps1'
[2.176s] INFO:colcon.colcon_core.shell:Creating environment descriptor '/home/uli/Desktop/tec/6to/ros2_env/install/hw1/share/hw1/hook/pythonpath.dsv'
[2.177s] INFO:colcon.colcon_core.shell:Creating environment hook '/home/uli/Desktop/tec/6to/ros2_env/install/hw1/share/hw1/hook/pythonpath.sh'
[2.178s] Level 1:colcon.colcon_core.environment:checking '/home/uli/Desktop/tec/6to/ros2_env/install/hw1/bin'
[2.178s] Level 1:colcon.colcon_core.environment:create_environment_scripts_only(hw1)
[2.179s] INFO:colcon.colcon_core.shell:Creating package script '/home/uli/Desktop/tec/6to/ros2_env/install/hw1/share/hw1/package.ps1'
[2.181s] INFO:colcon.colcon_core.shell:Creating package descriptor '/home/uli/Desktop/tec/6to/ros2_env/install/hw1/share/hw1/package.dsv'
[2.183s] INFO:colcon.colcon_core.shell:Creating package script '/home/uli/Desktop/tec/6to/ros2_env/install/hw1/share/hw1/package.sh'
[2.185s] INFO:colcon.colcon_core.shell:Creating package script '/home/uli/Desktop/tec/6to/ros2_env/install/hw1/share/hw1/package.bash'
[2.187s] INFO:colcon.colcon_core.shell:Creating package script '/home/uli/Desktop/tec/6to/ros2_env/install/hw1/share/hw1/package.zsh'
[2.188s] Level 1:colcon.colcon_core.environment:create_file_with_runtime_dependencies(/home/uli/Desktop/tec/6to/ros2_env/install/hw1/share/colcon-core/packages/hw1)
[2.189s] DEBUG:colcon.colcon_parallel_executor.executor.parallel:closing loop
[2.190s] DEBUG:colcon.colcon_parallel_executor.executor.parallel:loop closed
[2.190s] DEBUG:colcon.colcon_parallel_executor.executor.parallel:run_until_complete finished with '0'
[2.190s] DEBUG:colcon.colcon_core.event_reactor:joining thread
[2.197s] INFO:colcon.colcon_core.plugin_system:Skipping extension 'colcon_notification.desktop_notification.terminal_notifier': Not used on non-Darwin systems
[2.198s] INFO:colcon.colcon_core.plugin_system:Skipping extension 'colcon_notification.desktop_notification.win32': Not used on non-Windows systems
[2.198s] INFO:colcon.colcon_notification.desktop_notification:Sending desktop notification using 'notify2'
[2.211s] DEBUG:colcon.colcon_core.event_reactor:joined thread
[2.212s] INFO:colcon.colcon_core.shell:Creating prefix script '/home/uli/Desktop/tec/6to/ros2_env/install/local_setup.ps1'
[2.214s] INFO:colcon.colcon_core.shell:Creating prefix util module '/home/uli/Desktop/tec/6to/ros2_env/install/_local_setup_util_ps1.py'
[2.217s] INFO:colcon.colcon_core.shell:Creating prefix chain script '/home/uli/Desktop/tec/6to/ros2_env/install/setup.ps1'
[2.220s] INFO:colcon.colcon_core.shell:Creating prefix script '/home/uli/Desktop/tec/6to/ros2_env/install/local_setup.sh'
[2.221s] INFO:colcon.colcon_core.shell:Creating prefix util module '/home/uli/Desktop/tec/6to/ros2_env/install/_local_setup_util_sh.py'
[2.222s] INFO:colcon.colcon_core.shell:Creating prefix chain script '/home/uli/Desktop/tec/6to/ros2_env/install/setup.sh'
[2.224s] INFO:colcon.colcon_core.shell:Creating prefix script '/home/uli/Desktop/tec/6to/ros2_env/install/local_setup.bash'
[2.225s] INFO:colcon.colcon_core.shell:Creating prefix chain script '/home/uli/Desktop/tec/6to/ros2_env/install/setup.bash'
[2.227s] INFO:colcon.colcon_core.shell:Creating prefix script '/home/uli/Desktop/tec/6to/ros2_env/install/local_setup.zsh'
[2.228s] INFO:colcon.colcon_core.shell:Creating prefix chain script '/home/uli/Desktop/tec/6to/ros2_env/install/setup.zsh'
