[0.775s] Invoking command in '/home/uli/Desktop/tec/6to/ros2_env/src/hw1': PYTHONPATH=/home/uli/Desktop/tec/6to/ros2_env/build/hw1/prefix_override:/usr/lib/python3/dist-packages/colcon_core/task/python/colcon_distutils_commands:/home/uli/Desktop/tec/6to/ros2_env/install/hw1/lib/python3.10/site-packages:${PYTHONPATH} /usr/bin/python3 -W ignore:setup.py install is deprecated -W ignore:easy_install command is deprecated setup.py egg_info --egg-base ../../build/hw1 build --build-base /home/uli/Desktop/tec/6to/ros2_env/build/hw1/build install --record /home/uli/Desktop/tec/6to/ros2_env/build/hw1/install.log --single-version-externally-managed install_data
[1.055s] running egg_info
[1.057s] writing ../../build/hw1/hw1.egg-info/PKG-INFO
[1.057s] writing dependency_links to ../../build/hw1/hw1.egg-info/dependency_links.txt
[1.057s] writing entry points to ../../build/hw1/hw1.egg-info/entry_points.txt
[1.057s] writing requirements to ../../build/hw1/hw1.egg-info/requires.txt
[1.058s] writing top-level names to ../../build/hw1/hw1.egg-info/top_level.txt
[1.059s] reading manifest file '../../build/hw1/hw1.egg-info/SOURCES.txt'
[1.060s] writing manifest file '../../build/hw1/hw1.egg-info/SOURCES.txt'
[1.060s] running build
[1.061s] running build_py
[1.061s] copying hw1/subscriber.py -> /home/uli/Desktop/tec/6to/ros2_env/build/hw1/build/lib/hw1
[1.061s] running install
[1.061s] running install_lib
[1.062s] copying /home/uli/Desktop/tec/6to/ros2_env/build/hw1/build/lib/hw1/subscriber.py -> /home/uli/Desktop/tec/6to/ros2_env/install/hw1/lib/python3.10/site-packages/hw1
[1.062s] byte-compiling /home/uli/Desktop/tec/6to/ros2_env/install/hw1/lib/python3.10/site-packages/hw1/subscriber.py to subscriber.cpython-310.pyc
[1.063s] running install_data
[1.063s] running install_egg_info
[1.065s] removing '/home/uli/Desktop/tec/6to/ros2_env/install/hw1/lib/python3.10/site-packages/hw1-0.0.0-py3.10.egg-info' (and everything under it)
[1.065s] Copying ../../build/hw1/hw1.egg-info to /home/uli/Desktop/tec/6to/ros2_env/install/hw1/lib/python3.10/site-packages/hw1-0.0.0-py3.10.egg-info
[1.066s] running install_scripts
[1.084s] Installing publisher script to /home/uli/Desktop/tec/6to/ros2_env/install/hw1/lib/hw1
[1.084s] Installing subscriber script to /home/uli/Desktop/tec/6to/ros2_env/install/hw1/lib/hw1
[1.084s] writing list of installed files to '/home/uli/Desktop/tec/6to/ros2_env/build/hw1/install.log'
[1.112s] Invoked command in '/home/uli/Desktop/tec/6to/ros2_env/src/hw1' returned '0': PYTHONPATH=/home/uli/Desktop/tec/6to/ros2_env/build/hw1/prefix_override:/usr/lib/python3/dist-packages/colcon_core/task/python/colcon_distutils_commands:/home/uli/Desktop/tec/6to/ros2_env/install/hw1/lib/python3.10/site-packages:${PYTHONPATH} /usr/bin/python3 -W ignore:setup.py install is deprecated -W ignore:easy_install command is deprecated setup.py egg_info --egg-base ../../build/hw1 build --build-base /home/uli/Desktop/tec/6to/ros2_env/build/hw1/build install --record /home/uli/Desktop/tec/6to/ros2_env/build/hw1/install.log --single-version-externally-managed install_data
