[0.010s] Invoking command in '/home/uli/Desktop/tec/6to/ros2_env/build/turtlesim': CMAKE_PREFIX_PATH=/opt/ros/humble /home/uli/.local/bin/cmake /home/uli/Desktop/tec/6to/ros2_env/src/ros_tutorials/turtlesim -DCMAKE_INSTALL_PREFIX=/home/uli/Desktop/tec/6to/ros2_env/install/turtlesim
[0.218s] -- The C compiler identification is GNU 11.4.0
[0.381s] -- The CXX compiler identification is GNU 11.4.0
[0.398s] -- Detecting C compiler ABI info
[0.456s] -- Detecting C compiler ABI info - done
[0.472s] -- Check for working C compiler: /usr/bin/cc - skipped
[0.473s] -- Detecting C compile features
[0.473s] -- Detecting C compile features - done
[0.478s] -- Detecting CXX compiler ABI info
[0.550s] -- Detecting CXX compiler ABI info - done
[0.567s] -- Check for working CXX compiler: /usr/bin/c++ - skipped
[0.567s] -- Detecting CXX compile features
[0.568s] -- Detecting CXX compile features - done
[0.576s] -- Found ament_cmake: 1.3.11 (/opt/ros/humble/share/ament_cmake/cmake)
[0.698s] -- Found Python3: /usr/bin/python3 (found version "3.10.12") found components: Interpreter
[0.794s] -- Found ament_index_cpp: 1.4.0 (/opt/ros/humble/share/ament_index_cpp/cmake)
[0.797s] -- Found geometry_msgs: 4.2.4 (/opt/ros/humble/share/geometry_msgs/cmake)
[0.861s] -- Found rosidl_generator_c: 3.1.6 (/opt/ros/humble/share/rosidl_generator_c/cmake)
[0.868s] -- Found rosidl_adapter: 3.1.6 (/opt/ros/humble/share/rosidl_adapter/cmake)
[0.879s] -- Found rosidl_generator_cpp: 3.1.6 (/opt/ros/humble/share/rosidl_generator_cpp/cmake)
[0.896s] -- Using all available rosidl_typesupport_c: rosidl_typesupport_fastrtps_c;rosidl_typesupport_introspection_c
[0.918s] -- Using all available rosidl_typesupport_cpp: rosidl_typesupport_fastrtps_cpp;rosidl_typesupport_introspection_cpp
[1.006s] -- Found rclcpp: 16.0.11 (/opt/ros/humble/share/rclcpp/cmake)
[1.060s] -- Found rmw_implementation_cmake: 6.1.2 (/opt/ros/humble/share/rmw_implementation_cmake/cmake)
[1.063s] -- Found rmw_fastrtps_cpp: 6.2.7 (/opt/ros/humble/share/rmw_fastrtps_cpp/cmake)
[1.154s] -- Found OpenSSL: /usr/lib/x86_64-linux-gnu/libcrypto.so (found version "3.0.2")
[1.184s] -- Found FastRTPS: /opt/ros/humble/include
[1.227s] -- Using RMW implementation 'rmw_fastrtps_cpp' as default
[1.242s] -- Performing Test CMAKE_HAVE_LIBC_PTHREAD
[1.301s] -- Performing Test CMAKE_HAVE_LIBC_PTHREAD - Success
[1.302s] -- Found Threads: TRUE
[1.368s] -- Found rclcpp_action: 16.0.11 (/opt/ros/humble/share/rclcpp_action/cmake)
[1.420s] -- Found rosidl_default_generators: 1.2.0 (/opt/ros/humble/share/rosidl_default_generators/cmake)
[1.432s] -- Found std_srvs: 4.2.4 (/opt/ros/humble/share/std_srvs/cmake)
[1.874s] -- Found ament_cmake_ros: 0.10.0 (/opt/ros/humble/share/ament_cmake_ros/cmake)
[2.626s] -- Using all available rosidl_typesupport_c: rosidl_typesupport_fastrtps_c;rosidl_typesupport_introspection_c
[2.875s] -- Using all available rosidl_typesupport_cpp: rosidl_typesupport_fastrtps_cpp;rosidl_typesupport_introspection_cpp
[2.887s] [33mCMake Warning (dev) at /opt/ros/humble/share/rosidl_generator_py/cmake/rosidl_generator_py_generate_interfaces.cmake:20 (find_package):
[2.887s]   Policy CMP0148 is not set: The FindPythonInterp and FindPythonLibs modules
[2.887s]   are removed.  Run "cmake --help-policy CMP0148" for policy details.  Use
[2.887s]   the cmake_policy command to set the policy and suppress this warning.
[2.888s] 
[2.888s] Call Stack (most recent call first):
[2.888s]   /opt/ros/humble/share/ament_cmake_core/cmake/core/ament_execute_extensions.cmake:48 (include)
[2.888s]   /opt/ros/humble/share/rosidl_cmake/cmake/rosidl_generate_interfaces.cmake:286 (ament_execute_extensions)
[2.889s]   CMakeLists.txt:24 (rosidl_generate_interfaces)
[2.889s] This warning is for project developers.  Use -Wno-dev to suppress it.
[2.889s] [0m
[2.927s] -- Found PythonInterp: /usr/bin/python3 (found suitable version "3.10.12", minimum required is "3.6")
[2.931s] -- Found python_cmake_module: 0.10.0 (/opt/ros/humble/share/python_cmake_module/cmake)
[2.932s] [33mCMake Warning (dev) at /opt/ros/humble/share/python_cmake_module/cmake/Modules/FindPythonExtra.cmake:52 (find_package):
[2.932s]   Policy CMP0148 is not set: The FindPythonInterp and FindPythonLibs modules
[2.932s]   are removed.  Run "cmake --help-policy CMP0148" for policy details.  Use
[2.932s]   the cmake_policy command to set the policy and suppress this warning.
[2.932s] 
[2.932s] Call Stack (most recent call first):
[2.932s]   /opt/ros/humble/share/rosidl_generator_py/cmake/rosidl_generator_py_generate_interfaces.cmake:23 (find_package)
[2.932s]   /opt/ros/humble/share/ament_cmake_core/cmake/core/ament_execute_extensions.cmake:48 (include)
[2.932s]   /opt/ros/humble/share/rosidl_cmake/cmake/rosidl_generate_interfaces.cmake:286 (ament_execute_extensions)
[2.932s]   CMakeLists.txt:24 (rosidl_generate_interfaces)
[2.932s] This warning is for project developers.  Use -Wno-dev to suppress it.
[2.932s] [0m
[2.953s] [33mCMake Warning (dev) at /opt/ros/humble/share/python_cmake_module/cmake/Modules/FindPythonExtra.cmake:140 (find_package):
[2.953s]   Policy CMP0148 is not set: The FindPythonInterp and FindPythonLibs modules
[2.953s]   are removed.  Run "cmake --help-policy CMP0148" for policy details.  Use
[2.953s]   the cmake_policy command to set the policy and suppress this warning.
[2.953s] 
[2.953s] Call Stack (most recent call first):
[2.953s]   /opt/ros/humble/share/rosidl_generator_py/cmake/rosidl_generator_py_generate_interfaces.cmake:23 (find_package)
[2.953s]   /opt/ros/humble/share/ament_cmake_core/cmake/core/ament_execute_extensions.cmake:48 (include)
[2.953s]   /opt/ros/humble/share/rosidl_cmake/cmake/rosidl_generate_interfaces.cmake:286 (ament_execute_extensions)
[2.953s]   CMakeLists.txt:24 (rosidl_generate_interfaces)
[2.953s] This warning is for project developers.  Use -Wno-dev to suppress it.
[2.953s] [0m
[2.962s] -- Found PythonLibs: /usr/lib/x86_64-linux-gnu/libpython3.10.so (found suitable version "3.10.12", minimum required is "3.5")
[2.962s] -- Using PYTHON_EXECUTABLE: /usr/bin/python3
[2.962s] -- Using PYTHON_INCLUDE_DIRS: /usr/include/python3.10
[2.962s] -- Using PYTHON_LIBRARIES: /usr/lib/x86_64-linux-gnu/libpython3.10.so
[2.982s] -- Found PythonExtra: .so
[3.038s] -- Configuring done (2.9s)
[3.124s] -- Generating done (0.1s)
[3.145s] -- Build files have been written to: /home/uli/Desktop/tec/6to/ros2_env/build/turtlesim
[3.172s] Invoked command in '/home/uli/Desktop/tec/6to/ros2_env/build/turtlesim' returned '0': CMAKE_PREFIX_PATH=/opt/ros/humble /home/uli/.local/bin/cmake /home/uli/Desktop/tec/6to/ros2_env/src/ros_tutorials/turtlesim -DCMAKE_INSTALL_PREFIX=/home/uli/Desktop/tec/6to/ros2_env/install/turtlesim
[3.175s] Invoking command in '/home/uli/Desktop/tec/6to/ros2_env/build/turtlesim': CMAKE_PREFIX_PATH=/opt/ros/humble /home/uli/.local/bin/cmake --build /home/uli/Desktop/tec/6to/ros2_env/build/turtlesim -- -j8 -l8
[3.271s] [  1%] [34m[1mGenerating C code for ROS interfaces[0m
[3.276s] [  2%] [34m[1mGenerating C++ code for ROS interfaces[0m
[3.278s] [  2%] Built target ament_cmake_python_copy_turtlesim
[3.599s] running egg_info
[3.600s] creating turtlesim.egg-info
[3.600s] writing turtlesim.egg-info/PKG-INFO
[3.600s] writing dependency_links to turtlesim.egg-info/dependency_links.txt
[3.601s] writing top-level names to turtlesim.egg-info/top_level.txt
[3.602s] writing manifest file 'turtlesim.egg-info/SOURCES.txt'
[3.605s] reading manifest file 'turtlesim.egg-info/SOURCES.txt'
[3.605s] writing manifest file 'turtlesim.egg-info/SOURCES.txt'
[3.631s] [  2%] Built target ament_cmake_python_build_turtlesim_egg
[4.259s] [  2%] Built target turtlesim__cpp
[4.265s] [  3%] [34m[1mGenerating C++ type support for eProsima Fast-RTPS[0m
[4.265s] [  4%] [34m[1mGenerating C++ type support dispatch for ROS interfaces[0m
[4.270s] [  5%] [34m[1mGenerating C++ introspection for ROS interfaces[0m
[4.306s] [  8%] [32mBuilding C object CMakeFiles/turtlesim__rosidl_generator_c.dir/rosidl_generator_c/turtlesim/action/detail/rotate_absolute__functions.c.o[0m
[4.306s] [  8%] [32mBuilding C object CMakeFiles/turtlesim__rosidl_generator_c.dir/rosidl_generator_c/turtlesim/msg/detail/color__functions.c.o[0m
[4.307s] [  8%] [32mBuilding C object CMakeFiles/turtlesim__rosidl_generator_c.dir/rosidl_generator_c/turtlesim/msg/detail/pose__functions.c.o[0m
[4.307s] [ 10%] [32mBuilding C object CMakeFiles/turtlesim__rosidl_generator_c.dir/rosidl_generator_c/turtlesim/srv/detail/set_pen__functions.c.o[0m
[4.307s] [ 10%] [32mBuilding C object CMakeFiles/turtlesim__rosidl_generator_c.dir/rosidl_generator_c/turtlesim/srv/detail/kill__functions.c.o[0m
[4.419s] [ 11%] [32mBuilding C object CMakeFiles/turtlesim__rosidl_generator_c.dir/rosidl_generator_c/turtlesim/srv/detail/spawn__functions.c.o[0m
[4.419s] [ 12%] [32mBuilding C object CMakeFiles/turtlesim__rosidl_generator_c.dir/rosidl_generator_c/turtlesim/srv/detail/teleport_absolute__functions.c.o[0m
[4.422s] [ 13%] [32mBuilding C object CMakeFiles/turtlesim__rosidl_generator_c.dir/rosidl_generator_c/turtlesim/srv/detail/teleport_relative__functions.c.o[0m
[4.541s] [ 14%] [32m[1mLinking C shared library libturtlesim__rosidl_generator_c.so[0m
[4.572s] [ 14%] Built target turtlesim__rosidl_generator_c
[4.577s] [ 16%] [34m[1mGenerating C type support for eProsima Fast-RTPS[0m
[4.578s] [ 16%] [34m[1mGenerating C introspection for ROS interfaces[0m
[4.578s] [ 17%] [34m[1mGenerating C type support dispatch for ROS interfaces[0m
[5.229s] [ 18%] [32mBuilding CXX object CMakeFiles/turtlesim__rosidl_typesupport_cpp.dir/rosidl_typesupport_cpp/turtlesim/msg/pose__type_support.cpp.o[0m
[5.230s] [ 19%] [32mBuilding CXX object CMakeFiles/turtlesim__rosidl_typesupport_cpp.dir/rosidl_typesupport_cpp/turtlesim/action/rotate_absolute__type_support.cpp.o[0m
[5.230s] [ 20%] [32mBuilding CXX object CMakeFiles/turtlesim__rosidl_typesupport_cpp.dir/rosidl_typesupport_cpp/turtlesim/msg/color__type_support.cpp.o[0m
[5.338s] [ 21%] [32mBuilding CXX object CMakeFiles/turtlesim__rosidl_typesupport_c.dir/rosidl_typesupport_c/turtlesim/action/rotate_absolute__type_support.cpp.o[0m
[5.433s] [ 22%] [32mBuilding CXX object CMakeFiles/turtlesim__rosidl_typesupport_c.dir/rosidl_typesupport_c/turtlesim/msg/color__type_support.cpp.o[0m
[5.497s] [ 23%] [32mBuilding CXX object CMakeFiles/turtlesim__rosidl_typesupport_c.dir/rosidl_typesupport_c/turtlesim/msg/pose__type_support.cpp.o[0m
[5.503s] [ 24%] [32mBuilding CXX object CMakeFiles/turtlesim__rosidl_typesupport_introspection_cpp.dir/rosidl_typesupport_introspection_cpp/turtlesim/action/detail/rotate_absolute__type_support.cpp.o[0m
[5.532s] [ 25%] [32mBuilding CXX object CMakeFiles/turtlesim__rosidl_typesupport_fastrtps_cpp.dir/rosidl_typesupport_fastrtps_cpp/turtlesim/action/detail/dds_fastrtps/rotate_absolute__type_support.cpp.o[0m
[5.539s] [ 26%] [32mBuilding CXX object CMakeFiles/turtlesim__rosidl_typesupport_c.dir/rosidl_typesupport_c/turtlesim/srv/kill__type_support.cpp.o[0m
[5.580s] [ 27%] [32mBuilding CXX object CMakeFiles/turtlesim__rosidl_typesupport_c.dir/rosidl_typesupport_c/turtlesim/srv/set_pen__type_support.cpp.o[0m
[5.617s] [ 28%] [32mBuilding CXX object CMakeFiles/turtlesim__rosidl_typesupport_c.dir/rosidl_typesupport_c/turtlesim/srv/spawn__type_support.cpp.o[0m
[5.655s] [ 29%] [32mBuilding CXX object CMakeFiles/turtlesim__rosidl_typesupport_c.dir/rosidl_typesupport_c/turtlesim/srv/teleport_absolute__type_support.cpp.o[0m
[5.696s] [ 30%] [32mBuilding CXX object CMakeFiles/turtlesim__rosidl_typesupport_c.dir/rosidl_typesupport_c/turtlesim/srv/teleport_relative__type_support.cpp.o[0m
[5.736s] [ 31%] [32mBuilding CXX object CMakeFiles/turtlesim__rosidl_typesupport_fastrtps_cpp.dir/rosidl_typesupport_fastrtps_cpp/turtlesim/msg/detail/dds_fastrtps/color__type_support.cpp.o[0m
[5.744s] [ 32%] [32m[1mLinking CXX shared library libturtlesim__rosidl_typesupport_c.so[0m
[5.745s] [ 33%] [32mBuilding CXX object CMakeFiles/turtlesim__rosidl_typesupport_introspection_cpp.dir/rosidl_typesupport_introspection_cpp/turtlesim/msg/detail/color__type_support.cpp.o[0m
[5.797s] [ 33%] Built target turtlesim__rosidl_typesupport_c
[5.804s] [ 34%] [32mBuilding CXX object CMakeFiles/turtlesim__rosidl_typesupport_introspection_cpp.dir/rosidl_typesupport_introspection_cpp/turtlesim/msg/detail/pose__type_support.cpp.o[0m
[5.944s] [ 35%] [32mBuilding C object CMakeFiles/turtlesim__rosidl_typesupport_introspection_c.dir/rosidl_typesupport_introspection_c/turtlesim/action/detail/rotate_absolute__type_support.c.o[0m
[5.994s] [ 36%] [32mBuilding CXX object CMakeFiles/turtlesim__rosidl_typesupport_fastrtps_c.dir/rosidl_typesupport_fastrtps_c/turtlesim/action/detail/rotate_absolute__type_support_c.cpp.o[0m
[6.042s] [ 37%] [32mBuilding C object CMakeFiles/turtlesim__rosidl_typesupport_introspection_c.dir/rosidl_typesupport_introspection_c/turtlesim/msg/detail/color__type_support.c.o[0m
[6.076s] [ 38%] [32mBuilding CXX object CMakeFiles/turtlesim__rosidl_typesupport_cpp.dir/rosidl_typesupport_cpp/turtlesim/srv/kill__type_support.cpp.o[0m
[6.118s] [ 39%] [32mBuilding C object CMakeFiles/turtlesim__rosidl_typesupport_introspection_c.dir/rosidl_typesupport_introspection_c/turtlesim/msg/detail/pose__type_support.c.o[0m
[6.209s] [ 40%] [32mBuilding C object CMakeFiles/turtlesim__rosidl_typesupport_introspection_c.dir/rosidl_typesupport_introspection_c/turtlesim/srv/detail/kill__type_support.c.o[0m
[6.262s] [ 41%] [32mBuilding C object CMakeFiles/turtlesim__rosidl_typesupport_introspection_c.dir/rosidl_typesupport_introspection_c/turtlesim/srv/detail/set_pen__type_support.c.o[0m
[6.315s] [ 42%] [32mBuilding C object CMakeFiles/turtlesim__rosidl_typesupport_introspection_c.dir/rosidl_typesupport_introspection_c/turtlesim/srv/detail/spawn__type_support.c.o[0m
[6.367s] [ 43%] [32mBuilding C object CMakeFiles/turtlesim__rosidl_typesupport_introspection_c.dir/rosidl_typesupport_introspection_c/turtlesim/srv/detail/teleport_absolute__type_support.c.o[0m
[6.417s] [ 44%] [32mBuilding CXX object CMakeFiles/turtlesim__rosidl_typesupport_cpp.dir/rosidl_typesupport_cpp/turtlesim/srv/set_pen__type_support.cpp.o[0m
[6.448s] [ 45%] [32mBuilding C object CMakeFiles/turtlesim__rosidl_typesupport_introspection_c.dir/rosidl_typesupport_introspection_c/turtlesim/srv/detail/teleport_relative__type_support.c.o[0m
[6.514s] [ 46%] [32m[1mLinking C shared library libturtlesim__rosidl_typesupport_introspection_c.so[0m
[6.560s] [ 47%] [32mBuilding CXX object CMakeFiles/turtlesim__rosidl_typesupport_fastrtps_c.dir/rosidl_typesupport_fastrtps_c/turtlesim/msg/detail/color__type_support_c.cpp.o[0m
[6.568s] [ 47%] Built target turtlesim__rosidl_typesupport_introspection_c
[6.578s] [ 48%] [32mBuilding CXX object CMakeFiles/turtlesim__rosidl_typesupport_introspection_cpp.dir/rosidl_typesupport_introspection_cpp/turtlesim/srv/detail/kill__type_support.cpp.o[0m
[6.585s] [ 49%] [32mBuilding CXX object CMakeFiles/turtlesim__rosidl_typesupport_fastrtps_c.dir/rosidl_typesupport_fastrtps_c/turtlesim/msg/detail/pose__type_support_c.cpp.o[0m
[6.612s] [ 50%] [32mBuilding CXX object CMakeFiles/turtlesim__rosidl_typesupport_introspection_cpp.dir/rosidl_typesupport_introspection_cpp/turtlesim/srv/detail/set_pen__type_support.cpp.o[0m
[6.677s] [ 51%] [32mBuilding CXX object CMakeFiles/turtlesim__rosidl_typesupport_fastrtps_cpp.dir/rosidl_typesupport_fastrtps_cpp/turtlesim/msg/detail/dds_fastrtps/pose__type_support.cpp.o[0m
[6.722s] [ 52%] [32mBuilding CXX object CMakeFiles/turtlesim__rosidl_typesupport_fastrtps_cpp.dir/rosidl_typesupport_fastrtps_cpp/turtlesim/srv/detail/dds_fastrtps/kill__type_support.cpp.o[0m
[6.815s] [ 53%] [32mBuilding CXX object CMakeFiles/turtlesim__rosidl_typesupport_fastrtps_c.dir/rosidl_typesupport_fastrtps_c/turtlesim/srv/detail/kill__type_support_c.cpp.o[0m
[6.955s] [ 54%] [32mBuilding CXX object CMakeFiles/turtlesim__rosidl_typesupport_cpp.dir/rosidl_typesupport_cpp/turtlesim/srv/spawn__type_support.cpp.o[0m
[7.205s] [ 55%] [32mBuilding CXX object CMakeFiles/turtlesim__rosidl_typesupport_fastrtps_c.dir/rosidl_typesupport_fastrtps_c/turtlesim/srv/detail/set_pen__type_support_c.cpp.o[0m
[7.310s] [ 56%] [32mBuilding CXX object CMakeFiles/turtlesim__rosidl_typesupport_fastrtps_cpp.dir/rosidl_typesupport_fastrtps_cpp/turtlesim/srv/detail/dds_fastrtps/set_pen__type_support.cpp.o[0m
[7.338s] [ 57%] [32mBuilding CXX object CMakeFiles/turtlesim__rosidl_typesupport_cpp.dir/rosidl_typesupport_cpp/turtlesim/srv/teleport_absolute__type_support.cpp.o[0m
[7.425s] [ 58%] [32mBuilding CXX object CMakeFiles/turtlesim__rosidl_typesupport_introspection_cpp.dir/rosidl_typesupport_introspection_cpp/turtlesim/srv/detail/spawn__type_support.cpp.o[0m
[7.440s] [ 59%] [32mBuilding CXX object CMakeFiles/turtlesim__rosidl_typesupport_fastrtps_cpp.dir/rosidl_typesupport_fastrtps_cpp/turtlesim/srv/detail/dds_fastrtps/spawn__type_support.cpp.o[0m
[7.476s] [ 60%] [32mBuilding CXX object CMakeFiles/turtlesim__rosidl_typesupport_cpp.dir/rosidl_typesupport_cpp/turtlesim/srv/teleport_relative__type_support.cpp.o[0m
[7.506s] [ 61%] [32mBuilding CXX object CMakeFiles/turtlesim__rosidl_typesupport_fastrtps_c.dir/rosidl_typesupport_fastrtps_c/turtlesim/srv/detail/spawn__type_support_c.cpp.o[0m
[7.542s] [ 62%] [32mBuilding CXX object CMakeFiles/turtlesim__rosidl_typesupport_introspection_cpp.dir/rosidl_typesupport_introspection_cpp/turtlesim/srv/detail/teleport_absolute__type_support.cpp.o[0m
[7.904s] [ 63%] [32mBuilding CXX object CMakeFiles/turtlesim__rosidl_typesupport_fastrtps_c.dir/rosidl_typesupport_fastrtps_c/turtlesim/srv/detail/teleport_absolute__type_support_c.cpp.o[0m
[7.935s] [ 64%] [32mBuilding CXX object CMakeFiles/turtlesim__rosidl_typesupport_fastrtps_cpp.dir/rosidl_typesupport_fastrtps_cpp/turtlesim/srv/detail/dds_fastrtps/teleport_absolute__type_support.cpp.o[0m
[8.026s] [ 65%] [32m[1mLinking CXX shared library libturtlesim__rosidl_typesupport_cpp.so[0m
[8.133s] [ 65%] Built target turtlesim__rosidl_typesupport_cpp
[8.152s] [ 66%] [32mBuilding CXX object CMakeFiles/turtlesim__rosidl_typesupport_fastrtps_cpp.dir/rosidl_typesupport_fastrtps_cpp/turtlesim/srv/detail/dds_fastrtps/teleport_relative__type_support.cpp.o[0m
[8.152s] [ 67%] [32mBuilding CXX object CMakeFiles/turtlesim__rosidl_typesupport_fastrtps_c.dir/rosidl_typesupport_fastrtps_c/turtlesim/srv/detail/teleport_relative__type_support_c.cpp.o[0m
[8.223s] [ 68%] [32mBuilding CXX object CMakeFiles/turtlesim__rosidl_typesupport_introspection_cpp.dir/rosidl_typesupport_introspection_cpp/turtlesim/srv/detail/teleport_relative__type_support.cpp.o[0m
[8.244s] [ 69%] [34m[1mGenerating include/turtlesim/moc_turtle_frame.cpp[0m
[8.342s] [ 70%] [32mBuilding CXX object CMakeFiles/turtle_teleop_key.dir/tutorials/teleop_turtle_key.cpp.o[0m
[8.377s] [ 71%] [32mBuilding CXX object CMakeFiles/draw_square.dir/tutorials/draw_square.cpp.o[0m
[8.463s] [ 72%] [32mBuilding CXX object CMakeFiles/turtlesim_node.dir/src/turtlesim.cpp.o[0m
[8.550s] [ 73%] [32mBuilding CXX object CMakeFiles/turtlesim_node.dir/src/turtle.cpp.o[0m
[8.674s] [ 74%] [32mBuilding CXX object CMakeFiles/mimic.dir/tutorials/mimic.cpp.o[0m
[8.818s] [ 75%] [32m[1mLinking CXX shared library libturtlesim__rosidl_typesupport_fastrtps_c.so[0m
[8.913s] [ 76%] [32m[1mLinking CXX shared library libturtlesim__rosidl_typesupport_introspection_cpp.so[0m
[8.978s] [ 76%] Built target turtlesim__rosidl_typesupport_fastrtps_c
[8.987s] [ 77%] [32mBuilding CXX object CMakeFiles/turtlesim_node.dir/src/turtle_frame.cpp.o[0m
[8.997s] [ 78%] [32m[1mLinking CXX shared library libturtlesim__rosidl_typesupport_fastrtps_cpp.so[0m
[9.083s] [ 78%] Built target turtlesim__rosidl_typesupport_introspection_cpp
[9.083s] [ 79%] [32mBuilding CXX object CMakeFiles/turtlesim_node.dir/include/turtlesim/moc_turtle_frame.cpp.o[0m
[9.143s] [ 79%] Built target turtlesim__rosidl_typesupport_fastrtps_cpp
[9.165s] [ 79%] Built target turtlesim
[9.180s] [ 80%] [34m[1mGenerating Python code for ROS interfaces[0m
[12.904s] [ 80%] Built target turtlesim__py
[12.925s] [ 81%] [32mBuilding C object CMakeFiles/turtlesim__rosidl_generator_py.dir/rosidl_generator_py/turtlesim/action/_rotate_absolute_s.c.o[0m
[13.221s] [ 82%] [32mBuilding C object CMakeFiles/turtlesim__rosidl_generator_py.dir/rosidl_generator_py/turtlesim/msg/_color_s.c.o[0m
[13.395s] [ 83%] [32mBuilding C object CMakeFiles/turtlesim__rosidl_generator_py.dir/rosidl_generator_py/turtlesim/msg/_pose_s.c.o[0m
[13.571s] [ 84%] [32mBuilding C object CMakeFiles/turtlesim__rosidl_generator_py.dir/rosidl_generator_py/turtlesim/srv/_kill_s.c.o[0m
[13.743s] [ 85%] [32mBuilding C object CMakeFiles/turtlesim__rosidl_generator_py.dir/rosidl_generator_py/turtlesim/srv/_set_pen_s.c.o[0m
[13.920s] [ 86%] [32mBuilding C object CMakeFiles/turtlesim__rosidl_generator_py.dir/rosidl_generator_py/turtlesim/srv/_spawn_s.c.o[0m
[14.103s] [ 87%] [32mBuilding C object CMakeFiles/turtlesim__rosidl_generator_py.dir/rosidl_generator_py/turtlesim/srv/_teleport_absolute_s.c.o[0m
[14.280s] [ 88%] [32mBuilding C object CMakeFiles/turtlesim__rosidl_generator_py.dir/rosidl_generator_py/turtlesim/srv/_teleport_relative_s.c.o[0m
[14.456s] [ 89%] [32m[1mLinking C shared library rosidl_generator_py/turtlesim/libturtlesim__rosidl_generator_py.so[0m
[14.531s] [ 89%] Built target turtlesim__rosidl_generator_py
[14.557s] [ 90%] [32mBuilding C object CMakeFiles/turtlesim__rosidl_typesupport_fastrtps_c__pyext.dir/rosidl_generator_py/turtlesim/_turtlesim_s.ep.rosidl_typesupport_fastrtps_c.c.o[0m
[14.851s] [ 91%] [32m[1mLinking C shared library rosidl_generator_py/turtlesim/turtlesim_s__rosidl_typesupport_fastrtps_c.cpython-310-x86_64-linux-gnu.so[0m
[14.908s] [ 91%] Built target turtlesim__rosidl_typesupport_fastrtps_c__pyext
[14.925s] [ 92%] [32mBuilding C object CMakeFiles/turtlesim__rosidl_typesupport_introspection_c__pyext.dir/rosidl_generator_py/turtlesim/_turtlesim_s.ep.rosidl_typesupport_introspection_c.c.o[0m
[15.248s] [ 93%] [32m[1mLinking C shared library rosidl_generator_py/turtlesim/turtlesim_s__rosidl_typesupport_introspection_c.cpython-310-x86_64-linux-gnu.so[0m
[15.348s] [ 93%] Built target turtlesim__rosidl_typesupport_introspection_c__pyext
[15.378s] [ 94%] [32mBuilding C object CMakeFiles/turtlesim__rosidl_typesupport_c__pyext.dir/rosidl_generator_py/turtlesim/_turtlesim_s.ep.rosidl_typesupport_c.c.o[0m
[15.738s] [ 95%] [32m[1mLinking C shared library rosidl_generator_py/turtlesim/turtlesim_s__rosidl_typesupport_c.cpython-310-x86_64-linux-gnu.so[0m
[15.784s] [ 95%] Built target turtlesim__rosidl_typesupport_c__pyext
[18.645s] [ 96%] [32m[1mLinking CXX executable turtle_teleop_key[0m
[19.120s] [ 96%] Built target turtle_teleop_key
[22.471s] [ 97%] [32m[1mLinking CXX executable mimic[0m
[23.202s] [ 98%] [32m[1mLinking CXX executable draw_square[0m
[23.265s] [ 98%] Built target mimic
[23.809s] [ 98%] Built target draw_square
[26.925s] [100%] [32m[1mLinking CXX executable turtlesim_node[0m
[29.551s] [100%] Built target turtlesim_node
[29.575s] Invoked command in '/home/uli/Desktop/tec/6to/ros2_env/build/turtlesim' returned '0': CMAKE_PREFIX_PATH=/opt/ros/humble /home/uli/.local/bin/cmake --build /home/uli/Desktop/tec/6to/ros2_env/build/turtlesim -- -j8 -l8
[29.663s] Invoking command in '/home/uli/Desktop/tec/6to/ros2_env/build/turtlesim': CMAKE_PREFIX_PATH=/opt/ros/humble /home/uli/.local/bin/cmake --install /home/uli/Desktop/tec/6to/ros2_env/build/turtlesim
[29.739s] -- Install configuration: ""
[29.739s] -- Installing: /home/uli/Desktop/tec/6to/ros2_env/install/turtlesim/share/ament_index/resource_index/rosidl_interfaces/turtlesim
[29.739s] -- Installing: /home/uli/Desktop/tec/6to/ros2_env/install/turtlesim/include/turtlesim/turtlesim
[29.739s] -- Installing: /home/uli/Desktop/tec/6to/ros2_env/install/turtlesim/include/turtlesim/turtlesim/msg
[29.739s] -- Installing: /home/uli/Desktop/tec/6to/ros2_env/install/turtlesim/include/turtlesim/turtlesim/msg/pose.h
[29.739s] -- Installing: /home/uli/Desktop/tec/6to/ros2_env/install/turtlesim/include/turtlesim/turtlesim/msg/detail
[29.740s] -- Installing: /home/uli/Desktop/tec/6to/ros2_env/install/turtlesim/include/turtlesim/turtlesim/msg/detail/pose__functions.c
[29.740s] -- Installing: /home/uli/Desktop/tec/6to/ros2_env/install/turtlesim/include/turtlesim/turtlesim/msg/detail/color__struct.h
[29.740s] -- Installing: /home/uli/Desktop/tec/6to/ros2_env/install/turtlesim/include/turtlesim/turtlesim/msg/detail/color__type_support.h
[29.740s] -- Installing: /home/uli/Desktop/tec/6to/ros2_env/install/turtlesim/include/turtlesim/turtlesim/msg/detail/pose__functions.h
[29.740s] -- Installing: /home/uli/Desktop/tec/6to/ros2_env/install/turtlesim/include/turtlesim/turtlesim/msg/detail/pose__type_support.h
[29.740s] -- Installing: /home/uli/Desktop/tec/6to/ros2_env/install/turtlesim/include/turtlesim/turtlesim/msg/detail/pose__struct.h
[29.740s] -- Installing: /home/uli/Desktop/tec/6to/ros2_env/install/turtlesim/include/turtlesim/turtlesim/msg/detail/color__functions.h
[29.740s] -- Installing: /home/uli/Desktop/tec/6to/ros2_env/install/turtlesim/include/turtlesim/turtlesim/msg/detail/color__functions.c
[29.740s] -- Installing: /home/uli/Desktop/tec/6to/ros2_env/install/turtlesim/include/turtlesim/turtlesim/msg/color.h
[29.740s] -- Installing: /home/uli/Desktop/tec/6to/ros2_env/install/turtlesim/include/turtlesim/turtlesim/msg/rosidl_generator_c__visibility_control.h
[29.740s] -- Installing: /home/uli/Desktop/tec/6to/ros2_env/install/turtlesim/include/turtlesim/turtlesim/srv
[29.742s] -- Installing: /home/uli/Desktop/tec/6to/ros2_env/install/turtlesim/include/turtlesim/turtlesim/srv/detail
[29.742s] -- Installing: /home/uli/Desktop/tec/6to/ros2_env/install/turtlesim/include/turtlesim/turtlesim/srv/detail/teleport_absolute__functions.h
[29.743s] -- Installing: /home/uli/Desktop/tec/6to/ros2_env/install/turtlesim/include/turtlesim/turtlesim/srv/detail/teleport_relative__functions.c
[29.743s] -- Installing: /home/uli/Desktop/tec/6to/ros2_env/install/turtlesim/include/turtlesim/turtlesim/srv/detail/set_pen__functions.h
[29.743s] -- Installing: /home/uli/Desktop/tec/6to/ros2_env/install/turtlesim/include/turtlesim/turtlesim/srv/detail/spawn__functions.h
[29.743s] -- Installing: /home/uli/Desktop/tec/6to/ros2_env/install/turtlesim/include/turtlesim/turtlesim/srv/detail/teleport_relative__functions.h
[29.743s] -- Installing: /home/uli/Desktop/tec/6to/ros2_env/install/turtlesim/include/turtlesim/turtlesim/srv/detail/set_pen__type_support.h
[29.743s] -- Installing: /home/uli/Desktop/tec/6to/ros2_env/install/turtlesim/include/turtlesim/turtlesim/srv/detail/set_pen__struct.h
[29.743s] -- Installing: /home/uli/Desktop/tec/6to/ros2_env/install/turtlesim/include/turtlesim/turtlesim/srv/detail/kill__functions.h
[29.743s] -- Installing: /home/uli/Desktop/tec/6to/ros2_env/install/turtlesim/include/turtlesim/turtlesim/srv/detail/kill__functions.c
[29.743s] -- Installing: /home/uli/Desktop/tec/6to/ros2_env/install/turtlesim/include/turtlesim/turtlesim/srv/detail/teleport_absolute__functions.c
[29.743s] -- Installing: /home/uli/Desktop/tec/6to/ros2_env/install/turtlesim/include/turtlesim/turtlesim/srv/detail/teleport_relative__struct.h
[29.743s] -- Installing: /home/uli/Desktop/tec/6to/ros2_env/install/turtlesim/include/turtlesim/turtlesim/srv/detail/spawn__struct.h
[29.743s] -- Installing: /home/uli/Desktop/tec/6to/ros2_env/install/turtlesim/include/turtlesim/turtlesim/srv/detail/set_pen__functions.c
[29.743s] -- Installing: /home/uli/Desktop/tec/6to/ros2_env/install/turtlesim/include/turtlesim/turtlesim/srv/detail/kill__type_support.h
[29.743s] -- Installing: /home/uli/Desktop/tec/6to/ros2_env/install/turtlesim/include/turtlesim/turtlesim/srv/detail/teleport_absolute__struct.h
[29.743s] -- Installing: /home/uli/Desktop/tec/6to/ros2_env/install/turtlesim/include/turtlesim/turtlesim/srv/detail/teleport_absolute__type_support.h
[29.744s] -- Installing: /home/uli/Desktop/tec/6to/ros2_env/install/turtlesim/include/turtlesim/turtlesim/srv/detail/spawn__type_support.h
[29.744s] -- Installing: /home/uli/Desktop/tec/6to/ros2_env/install/turtlesim/include/turtlesim/turtlesim/srv/detail/kill__struct.h
[29.744s] -- Installing: /home/uli/Desktop/tec/6to/ros2_env/install/turtlesim/include/turtlesim/turtlesim/srv/detail/spawn__functions.c
[29.744s] -- Installing: /home/uli/Desktop/tec/6to/ros2_env/install/turtlesim/include/turtlesim/turtlesim/srv/detail/teleport_relative__type_support.h
[29.744s] -- Installing: /home/uli/Desktop/tec/6to/ros2_env/install/turtlesim/include/turtlesim/turtlesim/srv/set_pen.h
[29.745s] -- Installing: /home/uli/Desktop/tec/6to/ros2_env/install/turtlesim/include/turtlesim/turtlesim/srv/spawn.h
[29.745s] -- Installing: /home/uli/Desktop/tec/6to/ros2_env/install/turtlesim/include/turtlesim/turtlesim/srv/kill.h
[29.745s] -- Installing: /home/uli/Desktop/tec/6to/ros2_env/install/turtlesim/include/turtlesim/turtlesim/srv/teleport_absolute.h
[29.745s] -- Installing: /home/uli/Desktop/tec/6to/ros2_env/install/turtlesim/include/turtlesim/turtlesim/srv/teleport_relative.h
[29.745s] -- Installing: /home/uli/Desktop/tec/6to/ros2_env/install/turtlesim/include/turtlesim/turtlesim/action
[29.745s] -- Installing: /home/uli/Desktop/tec/6to/ros2_env/install/turtlesim/include/turtlesim/turtlesim/action/rotate_absolute.h
[29.745s] -- Installing: /home/uli/Desktop/tec/6to/ros2_env/install/turtlesim/include/turtlesim/turtlesim/action/detail
[29.745s] -- Installing: /home/uli/Desktop/tec/6to/ros2_env/install/turtlesim/include/turtlesim/turtlesim/action/detail/rotate_absolute__functions.h
[29.746s] -- Installing: /home/uli/Desktop/tec/6to/ros2_env/install/turtlesim/include/turtlesim/turtlesim/action/detail/rotate_absolute__functions.c
[29.746s] -- Installing: /home/uli/Desktop/tec/6to/ros2_env/install/turtlesim/include/turtlesim/turtlesim/action/detail/rotate_absolute__type_support.h
[29.746s] -- Installing: /home/uli/Desktop/tec/6to/ros2_env/install/turtlesim/include/turtlesim/turtlesim/action/detail/rotate_absolute__struct.h
[29.746s] -- Installing: /home/uli/Desktop/tec/6to/ros2_env/install/turtlesim/share/turtlesim/environment/library_path.sh
[29.746s] -- Installing: /home/uli/Desktop/tec/6to/ros2_env/install/turtlesim/share/turtlesim/environment/library_path.dsv
[29.746s] -- Installing: /home/uli/Desktop/tec/6to/ros2_env/install/turtlesim/lib/libturtlesim__rosidl_generator_c.so
[29.746s] -- Set non-toolchain portion of runtime path of "/home/uli/Desktop/tec/6to/ros2_env/install/turtlesim/lib/libturtlesim__rosidl_generator_c.so" to ""
[29.746s] -- Up-to-date: /home/uli/Desktop/tec/6to/ros2_env/install/turtlesim/include/turtlesim/turtlesim
[29.746s] -- Up-to-date: /home/uli/Desktop/tec/6to/ros2_env/install/turtlesim/include/turtlesim/turtlesim/msg
[29.746s] -- Installing: /home/uli/Desktop/tec/6to/ros2_env/install/turtlesim/include/turtlesim/turtlesim/msg/rosidl_typesupport_fastrtps_c__visibility_control.h
[29.746s] -- Up-to-date: /home/uli/Desktop/tec/6to/ros2_env/install/turtlesim/include/turtlesim/turtlesim/msg/detail
[29.746s] -- Installing: /home/uli/Desktop/tec/6to/ros2_env/install/turtlesim/include/turtlesim/turtlesim/msg/detail/pose__rosidl_typesupport_fastrtps_c.h
[29.746s] -- Installing: /home/uli/Desktop/tec/6to/ros2_env/install/turtlesim/include/turtlesim/turtlesim/msg/detail/color__rosidl_typesupport_fastrtps_c.h
[29.747s] -- Up-to-date: /home/uli/Desktop/tec/6to/ros2_env/install/turtlesim/include/turtlesim/turtlesim/srv
[29.747s] -- Up-to-date: /home/uli/Desktop/tec/6to/ros2_env/install/turtlesim/include/turtlesim/turtlesim/srv/detail
[29.747s] -- Installing: /home/uli/Desktop/tec/6to/ros2_env/install/turtlesim/include/turtlesim/turtlesim/srv/detail/spawn__rosidl_typesupport_fastrtps_c.h
[29.747s] -- Installing: /home/uli/Desktop/tec/6to/ros2_env/install/turtlesim/include/turtlesim/turtlesim/srv/detail/kill__rosidl_typesupport_fastrtps_c.h
[29.747s] -- Installing: /home/uli/Desktop/tec/6to/ros2_env/install/turtlesim/include/turtlesim/turtlesim/srv/detail/teleport_relative__rosidl_typesupport_fastrtps_c.h
[29.747s] -- Installing: /home/uli/Desktop/tec/6to/ros2_env/install/turtlesim/include/turtlesim/turtlesim/srv/detail/set_pen__rosidl_typesupport_fastrtps_c.h
[29.747s] -- Installing: /home/uli/Desktop/tec/6to/ros2_env/install/turtlesim/include/turtlesim/turtlesim/srv/detail/teleport_absolute__rosidl_typesupport_fastrtps_c.h
[29.747s] -- Up-to-date: /home/uli/Desktop/tec/6to/ros2_env/install/turtlesim/include/turtlesim/turtlesim/action
[29.747s] -- Up-to-date: /home/uli/Desktop/tec/6to/ros2_env/install/turtlesim/include/turtlesim/turtlesim/action/detail
[29.747s] -- Installing: /home/uli/Desktop/tec/6to/ros2_env/install/turtlesim/include/turtlesim/turtlesim/action/detail/rotate_absolute__rosidl_typesupport_fastrtps_c.h
[29.747s] -- Installing: /home/uli/Desktop/tec/6to/ros2_env/install/turtlesim/lib/libturtlesim__rosidl_typesupport_fastrtps_c.so
[29.748s] -- Set non-toolchain portion of runtime path of "/home/uli/Desktop/tec/6to/ros2_env/install/turtlesim/lib/libturtlesim__rosidl_typesupport_fastrtps_c.so" to ""
[29.748s] -- Up-to-date: /home/uli/Desktop/tec/6to/ros2_env/install/turtlesim/include/turtlesim/turtlesim
[29.748s] -- Up-to-date: /home/uli/Desktop/tec/6to/ros2_env/install/turtlesim/include/turtlesim/turtlesim/msg
[29.748s] -- Up-to-date: /home/uli/Desktop/tec/6to/ros2_env/install/turtlesim/include/turtlesim/turtlesim/msg/detail
[29.748s] -- Installing: /home/uli/Desktop/tec/6to/ros2_env/install/turtlesim/include/turtlesim/turtlesim/msg/detail/pose__builder.hpp
[29.748s] -- Installing: /home/uli/Desktop/tec/6to/ros2_env/install/turtlesim/include/turtlesim/turtlesim/msg/detail/pose__struct.hpp
[29.748s] -- Installing: /home/uli/Desktop/tec/6to/ros2_env/install/turtlesim/include/turtlesim/turtlesim/msg/detail/pose__traits.hpp
[29.748s] -- Installing: /home/uli/Desktop/tec/6to/ros2_env/install/turtlesim/include/turtlesim/turtlesim/msg/detail/color__type_support.hpp
[29.748s] -- Installing: /home/uli/Desktop/tec/6to/ros2_env/install/turtlesim/include/turtlesim/turtlesim/msg/detail/color__builder.hpp
[29.748s] -- Installing: /home/uli/Desktop/tec/6to/ros2_env/install/turtlesim/include/turtlesim/turtlesim/msg/detail/pose__type_support.hpp
[29.749s] -- Installing: /home/uli/Desktop/tec/6to/ros2_env/install/turtlesim/include/turtlesim/turtlesim/msg/detail/color__traits.hpp
[29.749s] -- Installing: /home/uli/Desktop/tec/6to/ros2_env/install/turtlesim/include/turtlesim/turtlesim/msg/detail/color__struct.hpp
[29.749s] -- Installing: /home/uli/Desktop/tec/6to/ros2_env/install/turtlesim/include/turtlesim/turtlesim/msg/pose.hpp
[29.749s] -- Installing: /home/uli/Desktop/tec/6to/ros2_env/install/turtlesim/include/turtlesim/turtlesim/msg/color.hpp
[29.749s] -- Installing: /home/uli/Desktop/tec/6to/ros2_env/install/turtlesim/include/turtlesim/turtlesim/msg/rosidl_generator_cpp__visibility_control.hpp
[29.749s] -- Up-to-date: /home/uli/Desktop/tec/6to/ros2_env/install/turtlesim/include/turtlesim/turtlesim/srv
[29.749s] -- Up-to-date: /home/uli/Desktop/tec/6to/ros2_env/install/turtlesim/include/turtlesim/turtlesim/srv/detail
[29.749s] -- Installing: /home/uli/Desktop/tec/6to/ros2_env/install/turtlesim/include/turtlesim/turtlesim/srv/detail/teleport_relative__traits.hpp
[29.749s] -- Installing: /home/uli/Desktop/tec/6to/ros2_env/install/turtlesim/include/turtlesim/turtlesim/srv/detail/kill__type_support.hpp
[29.750s] -- Installing: /home/uli/Desktop/tec/6to/ros2_env/install/turtlesim/include/turtlesim/turtlesim/srv/detail/set_pen__struct.hpp
[29.750s] -- Installing: /home/uli/Desktop/tec/6to/ros2_env/install/turtlesim/include/turtlesim/turtlesim/srv/detail/set_pen__builder.hpp
[29.750s] -- Installing: /home/uli/Desktop/tec/6to/ros2_env/install/turtlesim/include/turtlesim/turtlesim/srv/detail/kill__traits.hpp
[29.750s] -- Installing: /home/uli/Desktop/tec/6to/ros2_env/install/turtlesim/include/turtlesim/turtlesim/srv/detail/kill__struct.hpp
[29.750s] -- Installing: /home/uli/Desktop/tec/6to/ros2_env/install/turtlesim/include/turtlesim/turtlesim/srv/detail/set_pen__type_support.hpp
[29.751s] -- Installing: /home/uli/Desktop/tec/6to/ros2_env/install/turtlesim/include/turtlesim/turtlesim/srv/detail/spawn__traits.hpp
[29.751s] -- Installing: /home/uli/Desktop/tec/6to/ros2_env/install/turtlesim/include/turtlesim/turtlesim/srv/detail/teleport_absolute__type_support.hpp
[29.751s] -- Installing: /home/uli/Desktop/tec/6to/ros2_env/install/turtlesim/include/turtlesim/turtlesim/srv/detail/teleport_relative__type_support.hpp
[29.751s] -- Installing: /home/uli/Desktop/tec/6to/ros2_env/install/turtlesim/include/turtlesim/turtlesim/srv/detail/spawn__type_support.hpp
[29.751s] -- Installing: /home/uli/Desktop/tec/6to/ros2_env/install/turtlesim/include/turtlesim/turtlesim/srv/detail/teleport_absolute__struct.hpp
[29.752s] -- Installing: /home/uli/Desktop/tec/6to/ros2_env/install/turtlesim/include/turtlesim/turtlesim/srv/detail/kill__builder.hpp
[29.752s] -- Installing: /home/uli/Desktop/tec/6to/ros2_env/install/turtlesim/include/turtlesim/turtlesim/srv/detail/spawn__builder.hpp
[29.752s] -- Installing: /home/uli/Desktop/tec/6to/ros2_env/install/turtlesim/include/turtlesim/turtlesim/srv/detail/teleport_absolute__traits.hpp
[29.752s] -- Installing: /home/uli/Desktop/tec/6to/ros2_env/install/turtlesim/include/turtlesim/turtlesim/srv/detail/spawn__struct.hpp
[29.752s] -- Installing: /home/uli/Desktop/tec/6to/ros2_env/install/turtlesim/include/turtlesim/turtlesim/srv/detail/set_pen__traits.hpp
[29.752s] -- Installing: /home/uli/Desktop/tec/6to/ros2_env/install/turtlesim/include/turtlesim/turtlesim/srv/detail/teleport_relative__builder.hpp
[29.752s] -- Installing: /home/uli/Desktop/tec/6to/ros2_env/install/turtlesim/include/turtlesim/turtlesim/srv/detail/teleport_relative__struct.hpp
[29.752s] -- Installing: /home/uli/Desktop/tec/6to/ros2_env/install/turtlesim/include/turtlesim/turtlesim/srv/detail/teleport_absolute__builder.hpp
[29.753s] -- Installing: /home/uli/Desktop/tec/6to/ros2_env/install/turtlesim/include/turtlesim/turtlesim/srv/teleport_absolute.hpp
[29.753s] -- Installing: /home/uli/Desktop/tec/6to/ros2_env/install/turtlesim/include/turtlesim/turtlesim/srv/spawn.hpp
[29.753s] -- Installing: /home/uli/Desktop/tec/6to/ros2_env/install/turtlesim/include/turtlesim/turtlesim/srv/set_pen.hpp
[29.753s] -- Installing: /home/uli/Desktop/tec/6to/ros2_env/install/turtlesim/include/turtlesim/turtlesim/srv/teleport_relative.hpp
[29.753s] -- Installing: /home/uli/Desktop/tec/6to/ros2_env/install/turtlesim/include/turtlesim/turtlesim/srv/kill.hpp
[29.753s] -- Up-to-date: /home/uli/Desktop/tec/6to/ros2_env/install/turtlesim/include/turtlesim/turtlesim/action
[29.753s] -- Up-to-date: /home/uli/Desktop/tec/6to/ros2_env/install/turtlesim/include/turtlesim/turtlesim/action/detail
[29.753s] -- Installing: /home/uli/Desktop/tec/6to/ros2_env/install/turtlesim/include/turtlesim/turtlesim/action/detail/rotate_absolute__type_support.hpp
[29.754s] -- Installing: /home/uli/Desktop/tec/6to/ros2_env/install/turtlesim/include/turtlesim/turtlesim/action/detail/rotate_absolute__struct.hpp
[29.754s] -- Installing: /home/uli/Desktop/tec/6to/ros2_env/install/turtlesim/include/turtlesim/turtlesim/action/detail/rotate_absolute__builder.hpp
[29.754s] -- Installing: /home/uli/Desktop/tec/6to/ros2_env/install/turtlesim/include/turtlesim/turtlesim/action/detail/rotate_absolute__traits.hpp
[29.754s] -- Installing: /home/uli/Desktop/tec/6to/ros2_env/install/turtlesim/include/turtlesim/turtlesim/action/rotate_absolute.hpp
[29.754s] -- Up-to-date: /home/uli/Desktop/tec/6to/ros2_env/install/turtlesim/include/turtlesim/turtlesim
[29.755s] -- Up-to-date: /home/uli/Desktop/tec/6to/ros2_env/install/turtlesim/include/turtlesim/turtlesim/msg
[29.755s] -- Up-to-date: /home/uli/Desktop/tec/6to/ros2_env/install/turtlesim/include/turtlesim/turtlesim/msg/detail
[29.755s] -- Installing: /home/uli/Desktop/tec/6to/ros2_env/install/turtlesim/include/turtlesim/turtlesim/msg/detail/pose__rosidl_typesupport_fastrtps_cpp.hpp
[29.755s] -- Installing: /home/uli/Desktop/tec/6to/ros2_env/install/turtlesim/include/turtlesim/turtlesim/msg/detail/color__rosidl_typesupport_fastrtps_cpp.hpp
[29.755s] -- Installing: /home/uli/Desktop/tec/6to/ros2_env/install/turtlesim/include/turtlesim/turtlesim/msg/detail/dds_fastrtps
[29.755s] -- Installing: /home/uli/Desktop/tec/6to/ros2_env/install/turtlesim/include/turtlesim/turtlesim/msg/rosidl_typesupport_fastrtps_cpp__visibility_control.h
[29.755s] -- Up-to-date: /home/uli/Desktop/tec/6to/ros2_env/install/turtlesim/include/turtlesim/turtlesim/srv
[29.755s] -- Up-to-date: /home/uli/Desktop/tec/6to/ros2_env/install/turtlesim/include/turtlesim/turtlesim/srv/detail
[29.755s] -- Installing: /home/uli/Desktop/tec/6to/ros2_env/install/turtlesim/include/turtlesim/turtlesim/srv/detail/teleport_relative__rosidl_typesupport_fastrtps_cpp.hpp
[29.756s] -- Installing: /home/uli/Desktop/tec/6to/ros2_env/install/turtlesim/include/turtlesim/turtlesim/srv/detail/set_pen__rosidl_typesupport_fastrtps_cpp.hpp
[29.756s] -- Installing: /home/uli/Desktop/tec/6to/ros2_env/install/turtlesim/include/turtlesim/turtlesim/srv/detail/teleport_absolute__rosidl_typesupport_fastrtps_cpp.hpp
[29.756s] -- Installing: /home/uli/Desktop/tec/6to/ros2_env/install/turtlesim/include/turtlesim/turtlesim/srv/detail/spawn__rosidl_typesupport_fastrtps_cpp.hpp
[29.756s] -- Installing: /home/uli/Desktop/tec/6to/ros2_env/install/turtlesim/include/turtlesim/turtlesim/srv/detail/dds_fastrtps
[29.756s] -- Installing: /home/uli/Desktop/tec/6to/ros2_env/install/turtlesim/include/turtlesim/turtlesim/srv/detail/kill__rosidl_typesupport_fastrtps_cpp.hpp
[29.756s] -- Up-to-date: /home/uli/Desktop/tec/6to/ros2_env/install/turtlesim/include/turtlesim/turtlesim/action
[29.756s] -- Up-to-date: /home/uli/Desktop/tec/6to/ros2_env/install/turtlesim/include/turtlesim/turtlesim/action/detail
[29.756s] -- Installing: /home/uli/Desktop/tec/6to/ros2_env/install/turtlesim/include/turtlesim/turtlesim/action/detail/rotate_absolute__rosidl_typesupport_fastrtps_cpp.hpp
[29.756s] -- Installing: /home/uli/Desktop/tec/6to/ros2_env/install/turtlesim/include/turtlesim/turtlesim/action/detail/dds_fastrtps
[29.757s] -- Installing: /home/uli/Desktop/tec/6to/ros2_env/install/turtlesim/lib/libturtlesim__rosidl_typesupport_fastrtps_cpp.so
[29.757s] -- Set non-toolchain portion of runtime path of "/home/uli/Desktop/tec/6to/ros2_env/install/turtlesim/lib/libturtlesim__rosidl_typesupport_fastrtps_cpp.so" to ""
[29.757s] -- Up-to-date: /home/uli/Desktop/tec/6to/ros2_env/install/turtlesim/include/turtlesim/turtlesim
[29.757s] -- Up-to-date: /home/uli/Desktop/tec/6to/ros2_env/install/turtlesim/include/turtlesim/turtlesim/msg
[29.757s] -- Up-to-date: /home/uli/Desktop/tec/6to/ros2_env/install/turtlesim/include/turtlesim/turtlesim/msg/detail
[29.757s] -- Installing: /home/uli/Desktop/tec/6to/ros2_env/install/turtlesim/include/turtlesim/turtlesim/msg/detail/pose__rosidl_typesupport_introspection_c.h
[29.757s] -- Installing: /home/uli/Desktop/tec/6to/ros2_env/install/turtlesim/include/turtlesim/turtlesim/msg/detail/color__type_support.c
[29.757s] -- Installing: /home/uli/Desktop/tec/6to/ros2_env/install/turtlesim/include/turtlesim/turtlesim/msg/detail/pose__type_support.c
[29.757s] -- Installing: /home/uli/Desktop/tec/6to/ros2_env/install/turtlesim/include/turtlesim/turtlesim/msg/detail/color__rosidl_typesupport_introspection_c.h
[29.758s] -- Installing: /home/uli/Desktop/tec/6to/ros2_env/install/turtlesim/include/turtlesim/turtlesim/msg/rosidl_typesupport_introspection_c__visibility_control.h
[29.758s] -- Up-to-date: /home/uli/Desktop/tec/6to/ros2_env/install/turtlesim/include/turtlesim/turtlesim/srv
[29.758s] -- Up-to-date: /home/uli/Desktop/tec/6to/ros2_env/install/turtlesim/include/turtlesim/turtlesim/srv/detail
[29.758s] -- Installing: /home/uli/Desktop/tec/6to/ros2_env/install/turtlesim/include/turtlesim/turtlesim/srv/detail/teleport_absolute__type_support.c
[29.758s] -- Installing: /home/uli/Desktop/tec/6to/ros2_env/install/turtlesim/include/turtlesim/turtlesim/srv/detail/spawn__type_support.c
[29.758s] -- Installing: /home/uli/Desktop/tec/6to/ros2_env/install/turtlesim/include/turtlesim/turtlesim/srv/detail/kill__rosidl_typesupport_introspection_c.h
[29.758s] -- Installing: /home/uli/Desktop/tec/6to/ros2_env/install/turtlesim/include/turtlesim/turtlesim/srv/detail/spawn__rosidl_typesupport_introspection_c.h
[29.758s] -- Installing: /home/uli/Desktop/tec/6to/ros2_env/install/turtlesim/include/turtlesim/turtlesim/srv/detail/teleport_relative__type_support.c
[29.758s] -- Installing: /home/uli/Desktop/tec/6to/ros2_env/install/turtlesim/include/turtlesim/turtlesim/srv/detail/set_pen__type_support.c
[29.758s] -- Installing: /home/uli/Desktop/tec/6to/ros2_env/install/turtlesim/include/turtlesim/turtlesim/srv/detail/teleport_relative__rosidl_typesupport_introspection_c.h
[29.758s] -- Installing: /home/uli/Desktop/tec/6to/ros2_env/install/turtlesim/include/turtlesim/turtlesim/srv/detail/set_pen__rosidl_typesupport_introspection_c.h
[29.759s] -- Installing: /home/uli/Desktop/tec/6to/ros2_env/install/turtlesim/include/turtlesim/turtlesim/srv/detail/teleport_absolute__rosidl_typesupport_introspection_c.h
[29.759s] -- Installing: /home/uli/Desktop/tec/6to/ros2_env/install/turtlesim/include/turtlesim/turtlesim/srv/detail/kill__type_support.c
[29.759s] -- Up-to-date: /home/uli/Desktop/tec/6to/ros2_env/install/turtlesim/include/turtlesim/turtlesim/action
[29.759s] -- Up-to-date: /home/uli/Desktop/tec/6to/ros2_env/install/turtlesim/include/turtlesim/turtlesim/action/detail
[29.759s] -- Installing: /home/uli/Desktop/tec/6to/ros2_env/install/turtlesim/include/turtlesim/turtlesim/action/detail/rotate_absolute__type_support.c
[29.759s] -- Installing: /home/uli/Desktop/tec/6to/ros2_env/install/turtlesim/include/turtlesim/turtlesim/action/detail/rotate_absolute__rosidl_typesupport_introspection_c.h
[29.759s] -- Installing: /home/uli/Desktop/tec/6to/ros2_env/install/turtlesim/lib/libturtlesim__rosidl_typesupport_introspection_c.so
[29.759s] -- Set non-toolchain portion of runtime path of "/home/uli/Desktop/tec/6to/ros2_env/install/turtlesim/lib/libturtlesim__rosidl_typesupport_introspection_c.so" to ""
[29.759s] -- Installing: /home/uli/Desktop/tec/6to/ros2_env/install/turtlesim/lib/libturtlesim__rosidl_typesupport_c.so
[29.759s] -- Set non-toolchain portion of runtime path of "/home/uli/Desktop/tec/6to/ros2_env/install/turtlesim/lib/libturtlesim__rosidl_typesupport_c.so" to ""
[29.759s] -- Up-to-date: /home/uli/Desktop/tec/6to/ros2_env/install/turtlesim/include/turtlesim/turtlesim
[29.760s] -- Up-to-date: /home/uli/Desktop/tec/6to/ros2_env/install/turtlesim/include/turtlesim/turtlesim/msg
[29.760s] -- Up-to-date: /home/uli/Desktop/tec/6to/ros2_env/install/turtlesim/include/turtlesim/turtlesim/msg/detail
[29.760s] -- Installing: /home/uli/Desktop/tec/6to/ros2_env/install/turtlesim/include/turtlesim/turtlesim/msg/detail/color__rosidl_typesupport_introspection_cpp.hpp
[29.763s] -- Installing: /home/uli/Desktop/tec/6to/ros2_env/install/turtlesim/include/turtlesim/turtlesim/msg/detail/color__type_support.cpp
[29.763s] -- Installing: /home/uli/Desktop/tec/6to/ros2_env/install/turtlesim/include/turtlesim/turtlesim/msg/detail/pose__rosidl_typesupport_introspection_cpp.hpp
[29.763s] -- Installing: /home/uli/Desktop/tec/6to/ros2_env/install/turtlesim/include/turtlesim/turtlesim/msg/detail/pose__type_support.cpp
[29.763s] -- Up-to-date: /home/uli/Desktop/tec/6to/ros2_env/install/turtlesim/include/turtlesim/turtlesim/srv
[29.763s] -- Up-to-date: /home/uli/Desktop/tec/6to/ros2_env/install/turtlesim/include/turtlesim/turtlesim/srv/detail
[29.763s] -- Installing: /home/uli/Desktop/tec/6to/ros2_env/install/turtlesim/include/turtlesim/turtlesim/srv/detail/kill__rosidl_typesupport_introspection_cpp.hpp
[29.763s] -- Installing: /home/uli/Desktop/tec/6to/ros2_env/install/turtlesim/include/turtlesim/turtlesim/srv/detail/spawn__type_support.cpp
[29.763s] -- Installing: /home/uli/Desktop/tec/6to/ros2_env/install/turtlesim/include/turtlesim/turtlesim/srv/detail/teleport_relative__type_support.cpp
[29.764s] -- Installing: /home/uli/Desktop/tec/6to/ros2_env/install/turtlesim/include/turtlesim/turtlesim/srv/detail/teleport_absolute__type_support.cpp
[29.764s] -- Installing: /home/uli/Desktop/tec/6to/ros2_env/install/turtlesim/include/turtlesim/turtlesim/srv/detail/kill__type_support.cpp
[29.764s] -- Installing: /home/uli/Desktop/tec/6to/ros2_env/install/turtlesim/include/turtlesim/turtlesim/srv/detail/set_pen__type_support.cpp
[29.764s] -- Installing: /home/uli/Desktop/tec/6to/ros2_env/install/turtlesim/include/turtlesim/turtlesim/srv/detail/spawn__rosidl_typesupport_introspection_cpp.hpp
[29.764s] -- Installing: /home/uli/Desktop/tec/6to/ros2_env/install/turtlesim/include/turtlesim/turtlesim/srv/detail/set_pen__rosidl_typesupport_introspection_cpp.hpp
[29.764s] -- Installing: /home/uli/Desktop/tec/6to/ros2_env/install/turtlesim/include/turtlesim/turtlesim/srv/detail/teleport_absolute__rosidl_typesupport_introspection_cpp.hpp
[29.764s] -- Installing: /home/uli/Desktop/tec/6to/ros2_env/install/turtlesim/include/turtlesim/turtlesim/srv/detail/teleport_relative__rosidl_typesupport_introspection_cpp.hpp
[29.764s] -- Up-to-date: /home/uli/Desktop/tec/6to/ros2_env/install/turtlesim/include/turtlesim/turtlesim/action
[29.764s] -- Up-to-date: /home/uli/Desktop/tec/6to/ros2_env/install/turtlesim/include/turtlesim/turtlesim/action/detail
[29.764s] -- Installing: /home/uli/Desktop/tec/6to/ros2_env/install/turtlesim/include/turtlesim/turtlesim/action/detail/rotate_absolute__type_support.cpp
[29.765s] -- Installing: /home/uli/Desktop/tec/6to/ros2_env/install/turtlesim/include/turtlesim/turtlesim/action/detail/rotate_absolute__rosidl_typesupport_introspection_cpp.hpp
[29.765s] -- Installing: /home/uli/Desktop/tec/6to/ros2_env/install/turtlesim/lib/libturtlesim__rosidl_typesupport_introspection_cpp.so
[29.765s] -- Set non-toolchain portion of runtime path of "/home/uli/Desktop/tec/6to/ros2_env/install/turtlesim/lib/libturtlesim__rosidl_typesupport_introspection_cpp.so" to ""
[29.765s] -- Installing: /home/uli/Desktop/tec/6to/ros2_env/install/turtlesim/lib/libturtlesim__rosidl_typesupport_cpp.so
[29.766s] -- Set non-toolchain portion of runtime path of "/home/uli/Desktop/tec/6to/ros2_env/install/turtlesim/lib/libturtlesim__rosidl_typesupport_cpp.so" to ""
[29.766s] -- Installing: /home/uli/Desktop/tec/6to/ros2_env/install/turtlesim/share/turtlesim/environment/pythonpath.sh
[29.766s] -- Installing: /home/uli/Desktop/tec/6to/ros2_env/install/turtlesim/share/turtlesim/environment/pythonpath.dsv
[29.766s] -- Installing: /home/uli/Desktop/tec/6to/ros2_env/install/turtlesim/local/lib/python3.10/dist-packages/turtlesim-1.4.2-py3.10.egg-info
[29.766s] -- Installing: /home/uli/Desktop/tec/6to/ros2_env/install/turtlesim/local/lib/python3.10/dist-packages/turtlesim-1.4.2-py3.10.egg-info/PKG-INFO
[29.766s] -- Installing: /home/uli/Desktop/tec/6to/ros2_env/install/turtlesim/local/lib/python3.10/dist-packages/turtlesim-1.4.2-py3.10.egg-info/top_level.txt
[29.766s] -- Installing: /home/uli/Desktop/tec/6to/ros2_env/install/turtlesim/local/lib/python3.10/dist-packages/turtlesim-1.4.2-py3.10.egg-info/SOURCES.txt
[29.766s] -- Installing: /home/uli/Desktop/tec/6to/ros2_env/install/turtlesim/local/lib/python3.10/dist-packages/turtlesim-1.4.2-py3.10.egg-info/dependency_links.txt
[29.767s] -- Installing: /home/uli/Desktop/tec/6to/ros2_env/install/turtlesim/local/lib/python3.10/dist-packages/turtlesim
[29.767s] -- Installing: /home/uli/Desktop/tec/6to/ros2_env/install/turtlesim/local/lib/python3.10/dist-packages/turtlesim/msg
[29.767s] -- Installing: /home/uli/Desktop/tec/6to/ros2_env/install/turtlesim/local/lib/python3.10/dist-packages/turtlesim/msg/__init__.py
[29.767s] -- Installing: /home/uli/Desktop/tec/6to/ros2_env/install/turtlesim/local/lib/python3.10/dist-packages/turtlesim/msg/_color.py
[29.767s] -- Installing: /home/uli/Desktop/tec/6to/ros2_env/install/turtlesim/local/lib/python3.10/dist-packages/turtlesim/msg/_pose_s.c
[29.767s] -- Installing: /home/uli/Desktop/tec/6to/ros2_env/install/turtlesim/local/lib/python3.10/dist-packages/turtlesim/msg/_color_s.c
[29.767s] -- Installing: /home/uli/Desktop/tec/6to/ros2_env/install/turtlesim/local/lib/python3.10/dist-packages/turtlesim/msg/_pose.py
[29.767s] -- Installing: /home/uli/Desktop/tec/6to/ros2_env/install/turtlesim/local/lib/python3.10/dist-packages/turtlesim/turtlesim_s__rosidl_typesupport_c.cpython-310-x86_64-linux-gnu.so
[29.767s] -- Installing: /home/uli/Desktop/tec/6to/ros2_env/install/turtlesim/local/lib/python3.10/dist-packages/turtlesim/srv
[29.768s] -- Installing: /home/uli/Desktop/tec/6to/ros2_env/install/turtlesim/local/lib/python3.10/dist-packages/turtlesim/srv/_set_pen_s.c
[29.768s] -- Installing: /home/uli/Desktop/tec/6to/ros2_env/install/turtlesim/local/lib/python3.10/dist-packages/turtlesim/srv/_teleport_absolute.py
[29.769s] -- Installing: /home/uli/Desktop/tec/6to/ros2_env/install/turtlesim/local/lib/python3.10/dist-packages/turtlesim/srv/__init__.py
[29.769s] -- Installing: /home/uli/Desktop/tec/6to/ros2_env/install/turtlesim/local/lib/python3.10/dist-packages/turtlesim/srv/_spawn.py
[29.769s] -- Installing: /home/uli/Desktop/tec/6to/ros2_env/install/turtlesim/local/lib/python3.10/dist-packages/turtlesim/srv/_teleport_relative_s.c
[29.769s] -- Installing: /home/uli/Desktop/tec/6to/ros2_env/install/turtlesim/local/lib/python3.10/dist-packages/turtlesim/srv/_spawn_s.c
[29.769s] -- Installing: /home/uli/Desktop/tec/6to/ros2_env/install/turtlesim/local/lib/python3.10/dist-packages/turtlesim/srv/_kill_s.c
[29.769s] -- Installing: /home/uli/Desktop/tec/6to/ros2_env/install/turtlesim/local/lib/python3.10/dist-packages/turtlesim/srv/_set_pen.py
[29.770s] -- Installing: /home/uli/Desktop/tec/6to/ros2_env/install/turtlesim/local/lib/python3.10/dist-packages/turtlesim/srv/_teleport_absolute_s.c
[29.770s] -- Installing: /home/uli/Desktop/tec/6to/ros2_env/install/turtlesim/local/lib/python3.10/dist-packages/turtlesim/srv/_teleport_relative.py
[29.770s] -- Installing: /home/uli/Desktop/tec/6to/ros2_env/install/turtlesim/local/lib/python3.10/dist-packages/turtlesim/srv/_kill.py
[29.770s] -- Installing: /home/uli/Desktop/tec/6to/ros2_env/install/turtlesim/local/lib/python3.10/dist-packages/turtlesim/__init__.py
[29.770s] -- Installing: /home/uli/Desktop/tec/6to/ros2_env/install/turtlesim/local/lib/python3.10/dist-packages/turtlesim/_turtlesim_s.ep.rosidl_typesupport_c.c
[29.770s] -- Installing: /home/uli/Desktop/tec/6to/ros2_env/install/turtlesim/local/lib/python3.10/dist-packages/turtlesim/_turtlesim_s.ep.rosidl_typesupport_introspection_c.c
[29.770s] -- Installing: /home/uli/Desktop/tec/6to/ros2_env/install/turtlesim/local/lib/python3.10/dist-packages/turtlesim/libturtlesim__rosidl_generator_py.so
[29.770s] -- Installing: /home/uli/Desktop/tec/6to/ros2_env/install/turtlesim/local/lib/python3.10/dist-packages/turtlesim/_turtlesim_s.ep.rosidl_typesupport_fastrtps_c.c
[29.770s] -- Installing: /home/uli/Desktop/tec/6to/ros2_env/install/turtlesim/local/lib/python3.10/dist-packages/turtlesim/turtlesim_s__rosidl_typesupport_introspection_c.cpython-310-x86_64-linux-gnu.so
[29.770s] -- Installing: /home/uli/Desktop/tec/6to/ros2_env/install/turtlesim/local/lib/python3.10/dist-packages/turtlesim/turtlesim_s__rosidl_typesupport_fastrtps_c.cpython-310-x86_64-linux-gnu.so
[29.770s] -- Installing: /home/uli/Desktop/tec/6to/ros2_env/install/turtlesim/local/lib/python3.10/dist-packages/turtlesim/action
[29.770s] -- Installing: /home/uli/Desktop/tec/6to/ros2_env/install/turtlesim/local/lib/python3.10/dist-packages/turtlesim/action/_rotate_absolute.py
[29.771s] -- Installing: /home/uli/Desktop/tec/6to/ros2_env/install/turtlesim/local/lib/python3.10/dist-packages/turtlesim/action/__init__.py
[29.771s] -- Installing: /home/uli/Desktop/tec/6to/ros2_env/install/turtlesim/local/lib/python3.10/dist-packages/turtlesim/action/_rotate_absolute_s.c
[29.833s] Listing '/home/uli/Desktop/tec/6to/ros2_env/install/turtlesim/local/lib/python3.10/dist-packages/turtlesim'...
[29.833s] Compiling '/home/uli/Desktop/tec/6to/ros2_env/install/turtlesim/local/lib/python3.10/dist-packages/turtlesim/__init__.py'...
[29.833s] Listing '/home/uli/Desktop/tec/6to/ros2_env/install/turtlesim/local/lib/python3.10/dist-packages/turtlesim/action'...
[29.834s] Compiling '/home/uli/Desktop/tec/6to/ros2_env/install/turtlesim/local/lib/python3.10/dist-packages/turtlesim/action/__init__.py'...
[29.834s] Compiling '/home/uli/Desktop/tec/6to/ros2_env/install/turtlesim/local/lib/python3.10/dist-packages/turtlesim/action/_rotate_absolute.py'...
[29.834s] Listing '/home/uli/Desktop/tec/6to/ros2_env/install/turtlesim/local/lib/python3.10/dist-packages/turtlesim/msg'...
[29.834s] Compiling '/home/uli/Desktop/tec/6to/ros2_env/install/turtlesim/local/lib/python3.10/dist-packages/turtlesim/msg/__init__.py'...
[29.834s] Compiling '/home/uli/Desktop/tec/6to/ros2_env/install/turtlesim/local/lib/python3.10/dist-packages/turtlesim/msg/_color.py'...
[29.834s] Compiling '/home/uli/Desktop/tec/6to/ros2_env/install/turtlesim/local/lib/python3.10/dist-packages/turtlesim/msg/_pose.py'...
[29.834s] Listing '/home/uli/Desktop/tec/6to/ros2_env/install/turtlesim/local/lib/python3.10/dist-packages/turtlesim/srv'...
[29.834s] Compiling '/home/uli/Desktop/tec/6to/ros2_env/install/turtlesim/local/lib/python3.10/dist-packages/turtlesim/srv/__init__.py'...
[29.834s] Compiling '/home/uli/Desktop/tec/6to/ros2_env/install/turtlesim/local/lib/python3.10/dist-packages/turtlesim/srv/_kill.py'...
[29.834s] Compiling '/home/uli/Desktop/tec/6to/ros2_env/install/turtlesim/local/lib/python3.10/dist-packages/turtlesim/srv/_set_pen.py'...
[29.834s] Compiling '/home/uli/Desktop/tec/6to/ros2_env/install/turtlesim/local/lib/python3.10/dist-packages/turtlesim/srv/_spawn.py'...
[29.834s] Compiling '/home/uli/Desktop/tec/6to/ros2_env/install/turtlesim/local/lib/python3.10/dist-packages/turtlesim/srv/_teleport_absolute.py'...
[29.834s] Compiling '/home/uli/Desktop/tec/6to/ros2_env/install/turtlesim/local/lib/python3.10/dist-packages/turtlesim/srv/_teleport_relative.py'...
[29.839s] -- Installing: /home/uli/Desktop/tec/6to/ros2_env/install/turtlesim/local/lib/python3.10/dist-packages/turtlesim/turtlesim_s__rosidl_typesupport_fastrtps_c.cpython-310-x86_64-linux-gnu.so
[29.839s] -- Set non-toolchain portion of runtime path of "/home/uli/Desktop/tec/6to/ros2_env/install/turtlesim/local/lib/python3.10/dist-packages/turtlesim/turtlesim_s__rosidl_typesupport_fastrtps_c.cpython-310-x86_64-linux-gnu.so" to ""
[29.839s] -- Installing: /home/uli/Desktop/tec/6to/ros2_env/install/turtlesim/local/lib/python3.10/dist-packages/turtlesim/turtlesim_s__rosidl_typesupport_introspection_c.cpython-310-x86_64-linux-gnu.so
[29.839s] -- Set non-toolchain portion of runtime path of "/home/uli/Desktop/tec/6to/ros2_env/install/turtlesim/local/lib/python3.10/dist-packages/turtlesim/turtlesim_s__rosidl_typesupport_introspection_c.cpython-310-x86_64-linux-gnu.so" to ""
[29.840s] -- Installing: /home/uli/Desktop/tec/6to/ros2_env/install/turtlesim/local/lib/python3.10/dist-packages/turtlesim/turtlesim_s__rosidl_typesupport_c.cpython-310-x86_64-linux-gnu.so
[29.840s] -- Set non-toolchain portion of runtime path of "/home/uli/Desktop/tec/6to/ros2_env/install/turtlesim/local/lib/python3.10/dist-packages/turtlesim/turtlesim_s__rosidl_typesupport_c.cpython-310-x86_64-linux-gnu.so" to ""
[29.840s] -- Installing: /home/uli/Desktop/tec/6to/ros2_env/install/turtlesim/lib/libturtlesim__rosidl_generator_py.so
[29.840s] -- Set non-toolchain portion of runtime path of "/home/uli/Desktop/tec/6to/ros2_env/install/turtlesim/lib/libturtlesim__rosidl_generator_py.so" to ""
[29.841s] -- Installing: /home/uli/Desktop/tec/6to/ros2_env/install/turtlesim/share/turtlesim/action/RotateAbsolute.idl
[29.841s] -- Installing: /home/uli/Desktop/tec/6to/ros2_env/install/turtlesim/share/turtlesim/msg/Color.idl
[29.841s] -- Installing: /home/uli/Desktop/tec/6to/ros2_env/install/turtlesim/share/turtlesim/msg/Pose.idl
[29.841s] -- Installing: /home/uli/Desktop/tec/6to/ros2_env/install/turtlesim/share/turtlesim/srv/Kill.idl
[29.842s] -- Installing: /home/uli/Desktop/tec/6to/ros2_env/install/turtlesim/share/turtlesim/srv/SetPen.idl
[29.842s] -- Installing: /home/uli/Desktop/tec/6to/ros2_env/install/turtlesim/share/turtlesim/srv/Spawn.idl
[29.842s] -- Installing: /home/uli/Desktop/tec/6to/ros2_env/install/turtlesim/share/turtlesim/srv/TeleportAbsolute.idl
[29.842s] -- Installing: /home/uli/Desktop/tec/6to/ros2_env/install/turtlesim/share/turtlesim/srv/TeleportRelative.idl
[29.842s] -- Installing: /home/uli/Desktop/tec/6to/ros2_env/install/turtlesim/share/turtlesim/action/RotateAbsolute.action
[29.842s] -- Installing: /home/uli/Desktop/tec/6to/ros2_env/install/turtlesim/share/turtlesim/msg/Color.msg
[29.842s] -- Installing: /home/uli/Desktop/tec/6to/ros2_env/install/turtlesim/share/turtlesim/msg/Pose.msg
[29.842s] -- Installing: /home/uli/Desktop/tec/6to/ros2_env/install/turtlesim/share/turtlesim/srv/Kill.srv
[29.843s] -- Installing: /home/uli/Desktop/tec/6to/ros2_env/install/turtlesim/share/turtlesim/srv/Kill_Request.msg
[29.843s] -- Installing: /home/uli/Desktop/tec/6to/ros2_env/install/turtlesim/share/turtlesim/srv/Kill_Response.msg
[29.843s] -- Installing: /home/uli/Desktop/tec/6to/ros2_env/install/turtlesim/share/turtlesim/srv/SetPen.srv
[29.843s] -- Installing: /home/uli/Desktop/tec/6to/ros2_env/install/turtlesim/share/turtlesim/srv/SetPen_Request.msg
[29.843s] -- Installing: /home/uli/Desktop/tec/6to/ros2_env/install/turtlesim/share/turtlesim/srv/SetPen_Response.msg
[29.844s] -- Installing: /home/uli/Desktop/tec/6to/ros2_env/install/turtlesim/share/turtlesim/srv/Spawn.srv
[29.844s] -- Installing: /home/uli/Desktop/tec/6to/ros2_env/install/turtlesim/share/turtlesim/srv/Spawn_Request.msg
[29.844s] -- Installing: /home/uli/Desktop/tec/6to/ros2_env/install/turtlesim/share/turtlesim/srv/Spawn_Response.msg
[29.844s] -- Installing: /home/uli/Desktop/tec/6to/ros2_env/install/turtlesim/share/turtlesim/srv/TeleportAbsolute.srv
[29.844s] -- Installing: /home/uli/Desktop/tec/6to/ros2_env/install/turtlesim/share/turtlesim/srv/TeleportAbsolute_Request.msg
[29.844s] -- Installing: /home/uli/Desktop/tec/6to/ros2_env/install/turtlesim/share/turtlesim/srv/TeleportAbsolute_Response.msg
[29.845s] -- Installing: /home/uli/Desktop/tec/6to/ros2_env/install/turtlesim/share/turtlesim/srv/TeleportRelative.srv
[29.845s] -- Installing: /home/uli/Desktop/tec/6to/ros2_env/install/turtlesim/share/turtlesim/srv/TeleportRelative_Request.msg
[29.845s] -- Installing: /home/uli/Desktop/tec/6to/ros2_env/install/turtlesim/share/turtlesim/srv/TeleportRelative_Response.msg
[29.845s] -- Installing: /home/uli/Desktop/tec/6to/ros2_env/install/turtlesim/lib/turtlesim/turtlesim_node
[29.850s] -- Set non-toolchain portion of runtime path of "/home/uli/Desktop/tec/6to/ros2_env/install/turtlesim/lib/turtlesim/turtlesim_node" to ""
[29.851s] -- Installing: /home/uli/Desktop/tec/6to/ros2_env/install/turtlesim/lib/turtlesim/turtle_teleop_key
[29.852s] -- Set non-toolchain portion of runtime path of "/home/uli/Desktop/tec/6to/ros2_env/install/turtlesim/lib/turtlesim/turtle_teleop_key" to ""
[29.852s] -- Installing: /home/uli/Desktop/tec/6to/ros2_env/install/turtlesim/lib/turtlesim/draw_square
[29.854s] -- Set non-toolchain portion of runtime path of "/home/uli/Desktop/tec/6to/ros2_env/install/turtlesim/lib/turtlesim/draw_square" to ""
[29.855s] -- Installing: /home/uli/Desktop/tec/6to/ros2_env/install/turtlesim/lib/turtlesim/mimic
[29.857s] -- Set non-toolchain portion of runtime path of "/home/uli/Desktop/tec/6to/ros2_env/install/turtlesim/lib/turtlesim/mimic" to ""
[29.857s] -- Installing: /home/uli/Desktop/tec/6to/ros2_env/install/turtlesim/share/turtlesim/images
[29.857s] -- Installing: /home/uli/Desktop/tec/6to/ros2_env/install/turtlesim/share/turtlesim/images/dashing.png
[29.857s] -- Installing: /home/uli/Desktop/tec/6to/ros2_env/install/turtlesim/share/turtlesim/images/crystal.png
[29.857s] -- Installing: /home/uli/Desktop/tec/6to/ros2_env/install/turtlesim/share/turtlesim/images/foxy.png
[29.858s] -- Installing: /home/uli/Desktop/tec/6to/ros2_env/install/turtlesim/share/turtlesim/images/bouncy.png
[29.858s] -- Installing: /home/uli/Desktop/tec/6to/ros2_env/install/turtlesim/share/turtlesim/images/humble.png
[29.858s] -- Installing: /home/uli/Desktop/tec/6to/ros2_env/install/turtlesim/share/turtlesim/images/galactic.png
[29.858s] -- Installing: /home/uli/Desktop/tec/6to/ros2_env/install/turtlesim/share/turtlesim/images/ardent.png
[29.858s] -- Installing: /home/uli/Desktop/tec/6to/ros2_env/install/turtlesim/share/turtlesim/images/rolling.png
[29.858s] -- Installing: /home/uli/Desktop/tec/6to/ros2_env/install/turtlesim/share/turtlesim/images/eloquent.png
[29.858s] -- Installing: /home/uli/Desktop/tec/6to/ros2_env/install/turtlesim/share/turtlesim/launch
[29.858s] -- Installing: /home/uli/Desktop/tec/6to/ros2_env/install/turtlesim/share/turtlesim/launch/multisim.launch.py
[29.858s] -- Installing: /home/uli/Desktop/tec/6to/ros2_env/install/turtlesim/share/ament_index/resource_index/package_run_dependencies/turtlesim
[29.858s] -- Installing: /home/uli/Desktop/tec/6to/ros2_env/install/turtlesim/share/ament_index/resource_index/parent_prefix_path/turtlesim
[29.859s] -- Installing: /home/uli/Desktop/tec/6to/ros2_env/install/turtlesim/share/turtlesim/environment/ament_prefix_path.sh
[29.859s] -- Installing: /home/uli/Desktop/tec/6to/ros2_env/install/turtlesim/share/turtlesim/environment/ament_prefix_path.dsv
[29.859s] -- Installing: /home/uli/Desktop/tec/6to/ros2_env/install/turtlesim/share/turtlesim/environment/path.sh
[29.859s] -- Installing: /home/uli/Desktop/tec/6to/ros2_env/install/turtlesim/share/turtlesim/environment/path.dsv
[29.859s] -- Installing: /home/uli/Desktop/tec/6to/ros2_env/install/turtlesim/share/turtlesim/local_setup.bash
[29.859s] -- Installing: /home/uli/Desktop/tec/6to/ros2_env/install/turtlesim/share/turtlesim/local_setup.sh
[29.859s] -- Installing: /home/uli/Desktop/tec/6to/ros2_env/install/turtlesim/share/turtlesim/local_setup.zsh
[29.859s] -- Installing: /home/uli/Desktop/tec/6to/ros2_env/install/turtlesim/share/turtlesim/local_setup.dsv
[29.860s] -- Installing: /home/uli/Desktop/tec/6to/ros2_env/install/turtlesim/share/turtlesim/package.dsv
[29.860s] -- Installing: /home/uli/Desktop/tec/6to/ros2_env/install/turtlesim/share/ament_index/resource_index/packages/turtlesim
[29.860s] -- Installing: /home/uli/Desktop/tec/6to/ros2_env/install/turtlesim/share/turtlesim/cmake/export_turtlesim__rosidl_generator_cExport.cmake
[29.860s] -- Installing: /home/uli/Desktop/tec/6to/ros2_env/install/turtlesim/share/turtlesim/cmake/export_turtlesim__rosidl_generator_cExport-noconfig.cmake
[29.860s] -- Installing: /home/uli/Desktop/tec/6to/ros2_env/install/turtlesim/share/turtlesim/cmake/export_turtlesim__rosidl_typesupport_fastrtps_cExport.cmake
[29.860s] -- Installing: /home/uli/Desktop/tec/6to/ros2_env/install/turtlesim/share/turtlesim/cmake/export_turtlesim__rosidl_typesupport_fastrtps_cExport-noconfig.cmake
[29.861s] -- Installing: /home/uli/Desktop/tec/6to/ros2_env/install/turtlesim/share/turtlesim/cmake/export_turtlesim__rosidl_generator_cppExport.cmake
[29.861s] -- Installing: /home/uli/Desktop/tec/6to/ros2_env/install/turtlesim/share/turtlesim/cmake/export_turtlesim__rosidl_typesupport_fastrtps_cppExport.cmake
[29.861s] -- Installing: /home/uli/Desktop/tec/6to/ros2_env/install/turtlesim/share/turtlesim/cmake/export_turtlesim__rosidl_typesupport_fastrtps_cppExport-noconfig.cmake
[29.861s] -- Installing: /home/uli/Desktop/tec/6to/ros2_env/install/turtlesim/share/turtlesim/cmake/turtlesim__rosidl_typesupport_introspection_cExport.cmake
[29.861s] -- Installing: /home/uli/Desktop/tec/6to/ros2_env/install/turtlesim/share/turtlesim/cmake/turtlesim__rosidl_typesupport_introspection_cExport-noconfig.cmake
[29.861s] -- Installing: /home/uli/Desktop/tec/6to/ros2_env/install/turtlesim/share/turtlesim/cmake/turtlesim__rosidl_typesupport_cExport.cmake
[29.861s] -- Installing: /home/uli/Desktop/tec/6to/ros2_env/install/turtlesim/share/turtlesim/cmake/turtlesim__rosidl_typesupport_cExport-noconfig.cmake
[29.861s] -- Installing: /home/uli/Desktop/tec/6to/ros2_env/install/turtlesim/share/turtlesim/cmake/turtlesim__rosidl_typesupport_introspection_cppExport.cmake
[29.862s] -- Installing: /home/uli/Desktop/tec/6to/ros2_env/install/turtlesim/share/turtlesim/cmake/turtlesim__rosidl_typesupport_introspection_cppExport-noconfig.cmake
[29.862s] -- Installing: /home/uli/Desktop/tec/6to/ros2_env/install/turtlesim/share/turtlesim/cmake/turtlesim__rosidl_typesupport_cppExport.cmake
[29.862s] -- Installing: /home/uli/Desktop/tec/6to/ros2_env/install/turtlesim/share/turtlesim/cmake/turtlesim__rosidl_typesupport_cppExport-noconfig.cmake
[29.862s] -- Installing: /home/uli/Desktop/tec/6to/ros2_env/install/turtlesim/share/turtlesim/cmake/export_turtlesim__rosidl_generator_pyExport.cmake
[29.862s] -- Installing: /home/uli/Desktop/tec/6to/ros2_env/install/turtlesim/share/turtlesim/cmake/export_turtlesim__rosidl_generator_pyExport-noconfig.cmake
[29.862s] -- Installing: /home/uli/Desktop/tec/6to/ros2_env/install/turtlesim/share/turtlesim/cmake/rosidl_cmake-extras.cmake
[29.862s] -- Installing: /home/uli/Desktop/tec/6to/ros2_env/install/turtlesim/share/turtlesim/cmake/ament_cmake_export_dependencies-extras.cmake
[29.863s] -- Installing: /home/uli/Desktop/tec/6to/ros2_env/install/turtlesim/share/turtlesim/cmake/ament_cmake_export_include_directories-extras.cmake
[29.863s] -- Installing: /home/uli/Desktop/tec/6to/ros2_env/install/turtlesim/share/turtlesim/cmake/ament_cmake_export_libraries-extras.cmake
[29.863s] -- Installing: /home/uli/Desktop/tec/6to/ros2_env/install/turtlesim/share/turtlesim/cmake/ament_cmake_export_targets-extras.cmake
[29.863s] -- Installing: /home/uli/Desktop/tec/6to/ros2_env/install/turtlesim/share/turtlesim/cmake/rosidl_cmake_export_typesupport_targets-extras.cmake
[29.863s] -- Installing: /home/uli/Desktop/tec/6to/ros2_env/install/turtlesim/share/turtlesim/cmake/rosidl_cmake_export_typesupport_libraries-extras.cmake
[29.863s] -- Installing: /home/uli/Desktop/tec/6to/ros2_env/install/turtlesim/share/turtlesim/cmake/turtlesimConfig.cmake
[29.863s] -- Installing: /home/uli/Desktop/tec/6to/ros2_env/install/turtlesim/share/turtlesim/cmake/turtlesimConfig-version.cmake
[29.864s] -- Installing: /home/uli/Desktop/tec/6to/ros2_env/install/turtlesim/share/turtlesim/package.xml
[29.888s] Invoked command in '/home/uli/Desktop/tec/6to/ros2_env/build/turtlesim' returned '0': CMAKE_PREFIX_PATH=/opt/ros/humble /home/uli/.local/bin/cmake --install /home/uli/Desktop/tec/6to/ros2_env/build/turtlesim
